{"/Users/ebadia/Developer/node/favolist/backend/src/common/interfaces/enums.ts": {"path":"/Users/ebadia/Developer/node/favolist/backend/src/common/interfaces/enums.ts","statementMap":{"0":{"start":{"line":2,"column":0},"end":{"line":2,"column":62}},"1":{"start":{"line":4,"column":0},"end":{"line":10,"column":53}},"2":{"start":{"line":5,"column":4},"end":{"line":5,"column":34}},"3":{"start":{"line":6,"column":4},"end":{"line":6,"column":36}},"4":{"start":{"line":7,"column":4},"end":{"line":7,"column":36}},"5":{"start":{"line":8,"column":4},"end":{"line":8,"column":32}},"6":{"start":{"line":9,"column":4},"end":{"line":9,"column":30}},"7":{"start":{"line":12,"column":0},"end":{"line":16,"column":50}},"8":{"start":{"line":13,"column":4},"end":{"line":13,"column":29}},"9":{"start":{"line":14,"column":4},"end":{"line":14,"column":29}},"10":{"start":{"line":15,"column":4},"end":{"line":15,"column":31}}},"fnMap":{"0":{"name":"(anonymous_0)","decl":{"start":{"line":4,"column":1},"end":{"line":4,"column":2}},"loc":{"start":{"line":4,"column":19},"end":{"line":10,"column":1}},"line":4},"1":{"name":"(anonymous_1)","decl":{"start":{"line":12,"column":1},"end":{"line":12,"column":2}},"loc":{"start":{"line":12,"column":18},"end":{"line":16,"column":1}},"line":12}},"branchMap":{"0":{"loc":{"start":{"line":10,"column":12},"end":{"line":10,"column":51}},"type":"binary-expr","locations":[{"start":{"line":10,"column":12},"end":{"line":10,"column":26}},{"start":{"line":10,"column":31},"end":{"line":10,"column":50}}],"line":10},"1":{"loc":{"start":{"line":16,"column":11},"end":{"line":16,"column":48}},"type":"binary-expr","locations":[{"start":{"line":16,"column":11},"end":{"line":16,"column":24}},{"start":{"line":16,"column":29},"end":{"line":16,"column":47}}],"line":16}},"s":{"0":1,"1":1,"2":1,"3":1,"4":1,"5":1,"6":1,"7":1,"8":1,"9":1,"10":1},"f":{"0":1,"1":1},"b":{"0":[1,1],"1":[1,1]},"inputSourceMap":{"version":3,"file":"enums.js","sourceRoot":"","sources":["enums.ts"],"names":[],"mappings":";;AAAA,IAAY,MAMX;AAND,WAAY,MAAM;IAChB,6BAAmB,CAAA;IACnB,+BAAqB,CAAA;IACrB,+BAAqB,CAAA;IACrB,2BAAiB,CAAA;IACjB,yBAAe,CAAA;AACjB,CAAC,EANW,MAAM,GAAN,cAAM,KAAN,cAAM,QAMjB;AAED,IAAY,KAIX;AAJD,WAAY,KAAK;IACf,wBAAe,CAAA;IACf,wBAAe,CAAA;IACf,0BAAiB,CAAA;AACnB,CAAC,EAJW,KAAK,GAAL,aAAK,KAAL,aAAK,QAIhB","sourcesContent":["export enum status {\n  PENDING = 'PENDING',\n  ORDERING = 'ORDERING',\n  RECEIVED = 'RECEIVED',\n  OPENED = 'OPENED',\n  READY = 'READY'\n}\n\nexport enum roles {\n  ADMIN = 'ADMIN',\n  BUYER = 'BUYER',\n  SELLER = 'SELLER'\n}\n"]},"_coverageSchema":"332fd63041d2c1bcb487cc26dd0d5f7d97098a6c","hash":"3b8a0e4e161aca4aa522adcf412e6c479040b7ac"}
,"/Users/ebadia/Developer/node/favolist/backend/src/common/pipes/parse-int.pipe.ts": {"path":"/Users/ebadia/Developer/node/favolist/backend/src/common/pipes/parse-int.pipe.ts","statementMap":{"0":{"start":{"line":2,"column":17},"end":{"line":7,"column":1}},"1":{"start":{"line":3,"column":12},"end":{"line":3,"column":28}},"2":{"start":{"line":3,"column":34},"end":{"line":3,"column":125}},"3":{"start":{"line":4,"column":4},"end":{"line":5,"column":150}},"4":{"start":{"line":4,"column":79},"end":{"line":4,"column":131}},"5":{"start":{"line":5,"column":9},"end":{"line":5,"column":150}},"6":{"start":{"line":5,"column":58},"end":{"line":5,"column":150}},"7":{"start":{"line":5,"column":81},"end":{"line":5,"column":150}},"8":{"start":{"line":6,"column":4},"end":{"line":6,"column":66}},"9":{"start":{"line":8,"column":16},"end":{"line":15,"column":1}},"10":{"start":{"line":9,"column":4},"end":{"line":14,"column":7}},"11":{"start":{"line":10,"column":36},"end":{"line":10,"column":97}},"12":{"start":{"line":10,"column":42},"end":{"line":10,"column":70}},"13":{"start":{"line":10,"column":85},"end":{"line":10,"column":95}},"14":{"start":{"line":11,"column":35},"end":{"line":11,"column":100}},"15":{"start":{"line":11,"column":41},"end":{"line":11,"column":73}},"16":{"start":{"line":11,"column":88},"end":{"line":11,"column":98}},"17":{"start":{"line":12,"column":32},"end":{"line":12,"column":149}},"18":{"start":{"line":12,"column":97},"end":{"line":12,"column":119}},"19":{"start":{"line":13,"column":8},"end":{"line":13,"column":78}},"20":{"start":{"line":16,"column":0},"end":{"line":16,"column":62}},"21":{"start":{"line":17,"column":17},"end":{"line":17,"column":42}},"22":{"start":{"line":18,"column":19},"end":{"line":28,"column":1}},"23":{"start":{"line":20,"column":8},"end":{"line":26,"column":11}},"24":{"start":{"line":21,"column":24},"end":{"line":21,"column":43}},"25":{"start":{"line":22,"column":12},"end":{"line":24,"column":13}},"26":{"start":{"line":23,"column":16},"end":{"line":23,"column":76}},"27":{"start":{"line":25,"column":12},"end":{"line":25,"column":23}},"28":{"start":{"line":29,"column":0},"end":{"line":31,"column":17}},"29":{"start":{"line":32,"column":0},"end":{"line":32,"column":36}}},"fnMap":{"0":{"name":"(anonymous_0)","decl":{"start":{"line":2,"column":46},"end":{"line":2,"column":47}},"loc":{"start":{"line":2,"column":87},"end":{"line":7,"column":1}},"line":2},"1":{"name":"(anonymous_1)","decl":{"start":{"line":8,"column":44},"end":{"line":8,"column":45}},"loc":{"start":{"line":8,"column":89},"end":{"line":15,"column":1}},"line":8},"2":{"name":"(anonymous_2)","decl":{"start":{"line":9,"column":36},"end":{"line":9,"column":37}},"loc":{"start":{"line":9,"column":63},"end":{"line":14,"column":5}},"line":9},"3":{"name":"fulfilled","decl":{"start":{"line":10,"column":17},"end":{"line":10,"column":26}},"loc":{"start":{"line":10,"column":34},"end":{"line":10,"column":99}},"line":10},"4":{"name":"rejected","decl":{"start":{"line":11,"column":17},"end":{"line":11,"column":25}},"loc":{"start":{"line":11,"column":33},"end":{"line":11,"column":102}},"line":11},"5":{"name":"step","decl":{"start":{"line":12,"column":17},"end":{"line":12,"column":21}},"loc":{"start":{"line":12,"column":30},"end":{"line":12,"column":151}},"line":12},"6":{"name":"(anonymous_6)","decl":{"start":{"line":12,"column":76},"end":{"line":12,"column":77}},"loc":{"start":{"line":12,"column":95},"end":{"line":12,"column":121}},"line":12},"7":{"name":"(anonymous_7)","decl":{"start":{"line":19,"column":4},"end":{"line":19,"column":5}},"loc":{"start":{"line":19,"column":31},"end":{"line":27,"column":5}},"line":19},"8":{"name":"(anonymous_8)","decl":{"start":{"line":20,"column":47},"end":{"line":20,"column":48}},"loc":{"start":{"line":20,"column":60},"end":{"line":26,"column":9}},"line":20}},"branchMap":{"0":{"loc":{"start":{"line":2,"column":17},"end":{"line":7,"column":1}},"type":"binary-expr","locations":[{"start":{"line":2,"column":18},"end":{"line":2,"column":22}},{"start":{"line":2,"column":26},"end":{"line":2,"column":41}},{"start":{"line":2,"column":46},"end":{"line":7,"column":1}}],"line":2},"1":{"loc":{"start":{"line":3,"column":34},"end":{"line":3,"column":125}},"type":"cond-expr","locations":[{"start":{"line":3,"column":42},"end":{"line":3,"column":48}},{"start":{"line":3,"column":51},"end":{"line":3,"column":125}}],"line":3},"2":{"loc":{"start":{"line":3,"column":51},"end":{"line":3,"column":125}},"type":"cond-expr","locations":[{"start":{"line":3,"column":67},"end":{"line":3,"column":118}},{"start":{"line":3,"column":121},"end":{"line":3,"column":125}}],"line":3},"3":{"loc":{"start":{"line":4,"column":4},"end":{"line":5,"column":150}},"type":"if","locations":[{"start":{"line":4,"column":4},"end":{"line":5,"column":150}},{"start":{"line":4,"column":4},"end":{"line":5,"column":150}}],"line":4},"4":{"loc":{"start":{"line":4,"column":8},"end":{"line":4,"column":77}},"type":"binary-expr","locations":[{"start":{"line":4,"column":8},"end":{"line":4,"column":35}},{"start":{"line":4,"column":39},"end":{"line":4,"column":77}}],"line":4},"5":{"loc":{"start":{"line":5,"column":58},"end":{"line":5,"column":150}},"type":"if","locations":[{"start":{"line":5,"column":58},"end":{"line":5,"column":150}},{"start":{"line":5,"column":58},"end":{"line":5,"column":150}}],"line":5},"6":{"loc":{"start":{"line":5,"column":85},"end":{"line":5,"column":149}},"type":"binary-expr","locations":[{"start":{"line":5,"column":86},"end":{"line":5,"column":143}},{"start":{"line":5,"column":148},"end":{"line":5,"column":149}}],"line":5},"7":{"loc":{"start":{"line":5,"column":86},"end":{"line":5,"column":143}},"type":"cond-expr","locations":[{"start":{"line":5,"column":94},"end":{"line":5,"column":98}},{"start":{"line":5,"column":101},"end":{"line":5,"column":143}}],"line":5},"8":{"loc":{"start":{"line":5,"column":101},"end":{"line":5,"column":143}},"type":"cond-expr","locations":[{"start":{"line":5,"column":109},"end":{"line":5,"column":126}},{"start":{"line":5,"column":129},"end":{"line":5,"column":143}}],"line":5},"9":{"loc":{"start":{"line":6,"column":11},"end":{"line":6,"column":62}},"type":"binary-expr","locations":[{"start":{"line":6,"column":11},"end":{"line":6,"column":16}},{"start":{"line":6,"column":20},"end":{"line":6,"column":21}},{"start":{"line":6,"column":25},"end":{"line":6,"column":62}}],"line":6},"10":{"loc":{"start":{"line":8,"column":16},"end":{"line":15,"column":1}},"type":"binary-expr","locations":[{"start":{"line":8,"column":17},"end":{"line":8,"column":21}},{"start":{"line":8,"column":25},"end":{"line":8,"column":39}},{"start":{"line":8,"column":44},"end":{"line":15,"column":1}}],"line":8},"11":{"loc":{"start":{"line":9,"column":16},"end":{"line":9,"column":34}},"type":"binary-expr","locations":[{"start":{"line":9,"column":16},"end":{"line":9,"column":17}},{"start":{"line":9,"column":22},"end":{"line":9,"column":33}}],"line":9},"12":{"loc":{"start":{"line":12,"column":32},"end":{"line":12,"column":148}},"type":"cond-expr","locations":[{"start":{"line":12,"column":46},"end":{"line":12,"column":67}},{"start":{"line":12,"column":70},"end":{"line":12,"column":148}}],"line":12},"13":{"loc":{"start":{"line":13,"column":51},"end":{"line":13,"column":67}},"type":"binary-expr","locations":[{"start":{"line":13,"column":51},"end":{"line":13,"column":61}},{"start":{"line":13,"column":65},"end":{"line":13,"column":67}}],"line":13},"14":{"loc":{"start":{"line":22,"column":12},"end":{"line":24,"column":13}},"type":"if","locations":[{"start":{"line":22,"column":12},"end":{"line":24,"column":13}},{"start":{"line":22,"column":12},"end":{"line":24,"column":13}}],"line":22}},"s":{"0":1,"1":1,"2":1,"3":1,"4":1,"5":0,"6":0,"7":0,"8":1,"9":1,"10":0,"11":0,"12":0,"13":0,"14":0,"15":0,"16":0,"17":0,"18":0,"19":0,"20":1,"21":1,"22":1,"23":0,"24":0,"25":0,"26":0,"27":0,"28":1,"29":1},"f":{"0":1,"1":0,"2":0,"3":0,"4":0,"5":0,"6":0,"7":0,"8":0},"b":{"0":[1,1,1],"1":[1,0],"2":[0,0],"3":[1,0],"4":[1,1],"5":[0,0],"6":[0,0],"7":[0,0],"8":[0,0],"9":[1,0,0],"10":[1,1,1],"11":[0,0],"12":[0,0],"13":[0,0],"14":[0,0]},"inputSourceMap":{"version":3,"file":"parse-int.pipe.js","sourceRoot":"","sources":["parse-int.pipe.ts"],"names":[],"mappings":";;;;;;;;;;;;;;;;AAAA,2CAAwG;AAGxG,IAAa,YAAY,GAAzB;IAEQ,SAAS,CAAC,KAAa,EAAE,QAA0B;;YAEvD,MAAM,GAAG,GAAG,QAAQ,CAAC,KAAK,EAAE,EAAE,CAAC,CAAC;YAChC,EAAE,CAAC,CAAC,KAAK,CAAC,GAAG,CAAC,CAAC,CAAC,CAAC;gBACf,MAAM,IAAI,4BAAmB,CAAC,mBAAmB,CAAC,CAAC;YACrD,CAAC;YAED,MAAM,CAAC,GAAG,CAAC;QACb,CAAC;KAAA;CAEF,CAAA;AAZY,YAAY;IADxB,aAAI,EAAE;GACM,YAAY,CAYxB;AAZY,oCAAY","sourcesContent":["import { PipeTransform, Pipe, ArgumentMetadata, HttpStatus, BadRequestException } from '@nestjs/common';\n\n@Pipe()\nexport class ParseIntPipe implements PipeTransform<string> {\n\n  async transform(value: string, metadata: ArgumentMetadata) {\n\n    const val = parseInt(value, 10);\n    if (isNaN(val)) {\n      throw new BadRequestException('Validation failed');\n    }\n\n    return val;\n  }\n\n}\n"]},"_coverageSchema":"332fd63041d2c1bcb487cc26dd0d5f7d97098a6c","hash":"9db01d3ef9be29e449e72bea71925ed15aea4d7d"}
,"/Users/ebadia/Developer/node/favolist/backend/src/common/pipes/validation.pipe.ts": {"path":"/Users/ebadia/Developer/node/favolist/backend/src/common/pipes/validation.pipe.ts","statementMap":{"0":{"start":{"line":2,"column":17},"end":{"line":7,"column":1}},"1":{"start":{"line":3,"column":12},"end":{"line":3,"column":28}},"2":{"start":{"line":3,"column":34},"end":{"line":3,"column":125}},"3":{"start":{"line":4,"column":4},"end":{"line":5,"column":150}},"4":{"start":{"line":4,"column":79},"end":{"line":4,"column":131}},"5":{"start":{"line":5,"column":9},"end":{"line":5,"column":150}},"6":{"start":{"line":5,"column":58},"end":{"line":5,"column":150}},"7":{"start":{"line":5,"column":81},"end":{"line":5,"column":150}},"8":{"start":{"line":6,"column":4},"end":{"line":6,"column":66}},"9":{"start":{"line":8,"column":16},"end":{"line":15,"column":1}},"10":{"start":{"line":9,"column":4},"end":{"line":14,"column":7}},"11":{"start":{"line":10,"column":36},"end":{"line":10,"column":97}},"12":{"start":{"line":10,"column":42},"end":{"line":10,"column":70}},"13":{"start":{"line":10,"column":85},"end":{"line":10,"column":95}},"14":{"start":{"line":11,"column":35},"end":{"line":11,"column":100}},"15":{"start":{"line":11,"column":41},"end":{"line":11,"column":73}},"16":{"start":{"line":11,"column":88},"end":{"line":11,"column":98}},"17":{"start":{"line":12,"column":32},"end":{"line":12,"column":149}},"18":{"start":{"line":12,"column":97},"end":{"line":12,"column":119}},"19":{"start":{"line":13,"column":8},"end":{"line":13,"column":78}},"20":{"start":{"line":16,"column":0},"end":{"line":16,"column":62}},"21":{"start":{"line":17,"column":17},"end":{"line":17,"column":42}},"22":{"start":{"line":18,"column":26},"end":{"line":18,"column":52}},"23":{"start":{"line":19,"column":28},"end":{"line":19,"column":56}},"24":{"start":{"line":20,"column":21},"end":{"line":40,"column":1}},"25":{"start":{"line":22,"column":8},"end":{"line":34,"column":11}},"26":{"start":{"line":23,"column":33},"end":{"line":23,"column":41}},"27":{"start":{"line":24,"column":12},"end":{"line":24,"column":48}},"28":{"start":{"line":25,"column":12},"end":{"line":27,"column":13}},"29":{"start":{"line":26,"column":16},"end":{"line":26,"column":29}},"30":{"start":{"line":28,"column":27},"end":{"line":28,"column":76}},"31":{"start":{"line":29,"column":27},"end":{"line":29,"column":67}},"32":{"start":{"line":30,"column":12},"end":{"line":32,"column":13}},"33":{"start":{"line":31,"column":16},"end":{"line":31,"column":76}},"34":{"start":{"line":33,"column":12},"end":{"line":33,"column":25}},"35":{"start":{"line":37,"column":22},"end":{"line":37,"column":62}},"36":{"start":{"line":38,"column":8},"end":{"line":38,"column":56}},"37":{"start":{"line":38,"column":37},"end":{"line":38,"column":54}},"38":{"start":{"line":41,"column":0},"end":{"line":43,"column":19}},"39":{"start":{"line":44,"column":0},"end":{"line":44,"column":40}}},"fnMap":{"0":{"name":"(anonymous_0)","decl":{"start":{"line":2,"column":46},"end":{"line":2,"column":47}},"loc":{"start":{"line":2,"column":87},"end":{"line":7,"column":1}},"line":2},"1":{"name":"(anonymous_1)","decl":{"start":{"line":8,"column":44},"end":{"line":8,"column":45}},"loc":{"start":{"line":8,"column":89},"end":{"line":15,"column":1}},"line":8},"2":{"name":"(anonymous_2)","decl":{"start":{"line":9,"column":36},"end":{"line":9,"column":37}},"loc":{"start":{"line":9,"column":63},"end":{"line":14,"column":5}},"line":9},"3":{"name":"fulfilled","decl":{"start":{"line":10,"column":17},"end":{"line":10,"column":26}},"loc":{"start":{"line":10,"column":34},"end":{"line":10,"column":99}},"line":10},"4":{"name":"rejected","decl":{"start":{"line":11,"column":17},"end":{"line":11,"column":25}},"loc":{"start":{"line":11,"column":33},"end":{"line":11,"column":102}},"line":11},"5":{"name":"step","decl":{"start":{"line":12,"column":17},"end":{"line":12,"column":21}},"loc":{"start":{"line":12,"column":30},"end":{"line":12,"column":151}},"line":12},"6":{"name":"(anonymous_6)","decl":{"start":{"line":12,"column":76},"end":{"line":12,"column":77}},"loc":{"start":{"line":12,"column":95},"end":{"line":12,"column":121}},"line":12},"7":{"name":"(anonymous_7)","decl":{"start":{"line":21,"column":4},"end":{"line":21,"column":5}},"loc":{"start":{"line":21,"column":31},"end":{"line":35,"column":5}},"line":21},"8":{"name":"(anonymous_8)","decl":{"start":{"line":22,"column":47},"end":{"line":22,"column":48}},"loc":{"start":{"line":22,"column":60},"end":{"line":34,"column":9}},"line":22},"9":{"name":"(anonymous_9)","decl":{"start":{"line":36,"column":4},"end":{"line":36,"column":5}},"loc":{"start":{"line":36,"column":25},"end":{"line":39,"column":5}},"line":36},"10":{"name":"(anonymous_10)","decl":{"start":{"line":38,"column":27},"end":{"line":38,"column":28}},"loc":{"start":{"line":38,"column":37},"end":{"line":38,"column":54}},"line":38}},"branchMap":{"0":{"loc":{"start":{"line":2,"column":17},"end":{"line":7,"column":1}},"type":"binary-expr","locations":[{"start":{"line":2,"column":18},"end":{"line":2,"column":22}},{"start":{"line":2,"column":26},"end":{"line":2,"column":41}},{"start":{"line":2,"column":46},"end":{"line":7,"column":1}}],"line":2},"1":{"loc":{"start":{"line":3,"column":34},"end":{"line":3,"column":125}},"type":"cond-expr","locations":[{"start":{"line":3,"column":42},"end":{"line":3,"column":48}},{"start":{"line":3,"column":51},"end":{"line":3,"column":125}}],"line":3},"2":{"loc":{"start":{"line":3,"column":51},"end":{"line":3,"column":125}},"type":"cond-expr","locations":[{"start":{"line":3,"column":67},"end":{"line":3,"column":118}},{"start":{"line":3,"column":121},"end":{"line":3,"column":125}}],"line":3},"3":{"loc":{"start":{"line":4,"column":4},"end":{"line":5,"column":150}},"type":"if","locations":[{"start":{"line":4,"column":4},"end":{"line":5,"column":150}},{"start":{"line":4,"column":4},"end":{"line":5,"column":150}}],"line":4},"4":{"loc":{"start":{"line":4,"column":8},"end":{"line":4,"column":77}},"type":"binary-expr","locations":[{"start":{"line":4,"column":8},"end":{"line":4,"column":35}},{"start":{"line":4,"column":39},"end":{"line":4,"column":77}}],"line":4},"5":{"loc":{"start":{"line":5,"column":58},"end":{"line":5,"column":150}},"type":"if","locations":[{"start":{"line":5,"column":58},"end":{"line":5,"column":150}},{"start":{"line":5,"column":58},"end":{"line":5,"column":150}}],"line":5},"6":{"loc":{"start":{"line":5,"column":85},"end":{"line":5,"column":149}},"type":"binary-expr","locations":[{"start":{"line":5,"column":86},"end":{"line":5,"column":143}},{"start":{"line":5,"column":148},"end":{"line":5,"column":149}}],"line":5},"7":{"loc":{"start":{"line":5,"column":86},"end":{"line":5,"column":143}},"type":"cond-expr","locations":[{"start":{"line":5,"column":94},"end":{"line":5,"column":98}},{"start":{"line":5,"column":101},"end":{"line":5,"column":143}}],"line":5},"8":{"loc":{"start":{"line":5,"column":101},"end":{"line":5,"column":143}},"type":"cond-expr","locations":[{"start":{"line":5,"column":109},"end":{"line":5,"column":126}},{"start":{"line":5,"column":129},"end":{"line":5,"column":143}}],"line":5},"9":{"loc":{"start":{"line":6,"column":11},"end":{"line":6,"column":62}},"type":"binary-expr","locations":[{"start":{"line":6,"column":11},"end":{"line":6,"column":16}},{"start":{"line":6,"column":20},"end":{"line":6,"column":21}},{"start":{"line":6,"column":25},"end":{"line":6,"column":62}}],"line":6},"10":{"loc":{"start":{"line":8,"column":16},"end":{"line":15,"column":1}},"type":"binary-expr","locations":[{"start":{"line":8,"column":17},"end":{"line":8,"column":21}},{"start":{"line":8,"column":25},"end":{"line":8,"column":39}},{"start":{"line":8,"column":44},"end":{"line":15,"column":1}}],"line":8},"11":{"loc":{"start":{"line":9,"column":16},"end":{"line":9,"column":34}},"type":"binary-expr","locations":[{"start":{"line":9,"column":16},"end":{"line":9,"column":17}},{"start":{"line":9,"column":22},"end":{"line":9,"column":33}}],"line":9},"12":{"loc":{"start":{"line":12,"column":32},"end":{"line":12,"column":148}},"type":"cond-expr","locations":[{"start":{"line":12,"column":46},"end":{"line":12,"column":67}},{"start":{"line":12,"column":70},"end":{"line":12,"column":148}}],"line":12},"13":{"loc":{"start":{"line":13,"column":51},"end":{"line":13,"column":67}},"type":"binary-expr","locations":[{"start":{"line":13,"column":51},"end":{"line":13,"column":61}},{"start":{"line":13,"column":65},"end":{"line":13,"column":67}}],"line":13},"14":{"loc":{"start":{"line":25,"column":12},"end":{"line":27,"column":13}},"type":"if","locations":[{"start":{"line":25,"column":12},"end":{"line":27,"column":13}},{"start":{"line":25,"column":12},"end":{"line":27,"column":13}}],"line":25},"15":{"loc":{"start":{"line":25,"column":16},"end":{"line":25,"column":55}},"type":"binary-expr","locations":[{"start":{"line":25,"column":16},"end":{"line":25,"column":25}},{"start":{"line":25,"column":29},"end":{"line":25,"column":55}}],"line":25},"16":{"loc":{"start":{"line":30,"column":12},"end":{"line":32,"column":13}},"type":"if","locations":[{"start":{"line":30,"column":12},"end":{"line":32,"column":13}},{"start":{"line":30,"column":12},"end":{"line":32,"column":13}}],"line":30}},"s":{"0":1,"1":1,"2":1,"3":1,"4":1,"5":0,"6":0,"7":0,"8":1,"9":1,"10":0,"11":0,"12":0,"13":0,"14":0,"15":0,"16":0,"17":0,"18":0,"19":0,"20":1,"21":1,"22":1,"23":1,"24":1,"25":0,"26":0,"27":0,"28":0,"29":0,"30":0,"31":0,"32":0,"33":0,"34":0,"35":0,"36":0,"37":0,"38":1,"39":1},"f":{"0":1,"1":0,"2":0,"3":0,"4":0,"5":0,"6":0,"7":0,"8":0,"9":0,"10":0},"b":{"0":[1,1,1],"1":[1,0],"2":[0,0],"3":[1,0],"4":[1,1],"5":[0,0],"6":[0,0],"7":[0,0],"8":[0,0],"9":[1,0,0],"10":[1,1,1],"11":[0,0],"12":[0,0],"13":[0,0],"14":[0,0],"15":[0,0],"16":[0,0]},"inputSourceMap":{"version":3,"file":"validation.pipe.js","sourceRoot":"","sources":["validation.pipe.ts"],"names":[],"mappings":";;;;;;;;;;;;;;;;AAAA,2CAA2F;AAC3F,qDAA0C;AAC1C,yDAAgD;AAGhD,IAAa,cAAc,GAA3B;IAEQ,SAAS,CAAE,KAAU,EAAE,QAA0B;;YAErD,MAAM,EAAE,QAAQ,EAAE,GAAG,QAAQ,CAAA;YAE7B,OAAO,CAAC,GAAG,CAAC,YAAY,EAAE,QAAQ,CAAC,CAAA;YACnC,EAAE,CAAA,CAAC,CAAC,QAAQ,IAAI,CAAC,IAAI,CAAC,UAAU,CAAC,QAAQ,CAAC,CAAC,CAAC,CAAC;gBAC3C,MAAM,CAAC,KAAK,CAAA;YACd,CAAC;YACD,MAAM,MAAM,GAAG,gCAAY,CAAC,QAAQ,EAAE,KAAK,CAAC,CAAA;YAE5C,MAAM,MAAM,GAAG,MAAM,0BAAQ,CAAC,MAAM,CAAC,CAAA;YACrC,EAAE,CAAC,CAAC,MAAM,CAAC,MAAM,GAAG,CAAC,CAAC,CAAC,CAAC;gBACtB,MAAM,IAAI,4BAAmB,CAAC,mBAAmB,CAAC,CAAA;YACpD,CAAC;YACD,MAAM,CAAC,KAAK,CAAA;QACd,CAAC;KAAA;IAEO,UAAU,CAAC,QAAQ;QAGzB,MAAM,KAAK,GAAG,CAAC,MAAM,EAAE,OAAO,EAAE,MAAM,EAAE,KAAK,EAAE,MAAM,CAAC,CAAA;QACtD,MAAM,CAAC,CAAC,KAAK,CAAC,IAAI,CAAE,CAAC,IAAI,EAAE,EAAE,CAAC,QAAQ,KAAK,IAAI,CAAE,CAAA;IACnD,CAAC;CAEF,CAAA;AA1BY,cAAc;IAD1B,aAAI,EAAE;GACM,cAAc,CA0B1B;AA1BY,wCAAc","sourcesContent":["import { PipeTransform, Pipe, ArgumentMetadata, BadRequestException } from '@nestjs/common'\nimport { validate } from 'class-validator'\nimport { plainToClass } from 'class-transformer'\n\n@Pipe()\nexport class ValidationPipe implements PipeTransform<any> {\n\n  async transform( value: any, metadata: ArgumentMetadata) {\n\n    const { metatype } = metadata\n    // console.log('VALUE> ',value)\n    console.log('METATYPE> ', metatype)\n    if(!metatype || !this.toValidate(metatype)) {\n      return value\n    }\n    const object = plainToClass(metatype, value)\n    // console.log('OBJECT> ', object)\n    const errors = await validate(object)\n    if (errors.length > 0) {\n      throw new BadRequestException('Validation failed')\n    }\n    return value\n  }\n\n  private toValidate(metatype): boolean {\n    // console.log('METATYPE> ', metatype)\n\n    const types = [String, Boolean, Number, Array, Object]\n    return !types.find( (type) => metatype === type )\n  }\n\n}\n"]},"_coverageSchema":"332fd63041d2c1bcb487cc26dd0d5f7d97098a6c","hash":"3bde9ac6edb7d9de74f80080dc99b5c872fe208e"}
,"/Users/ebadia/Developer/node/favolist/backend/src/controllers/shops/dto/create-shop.dto.ts": {"path":"/Users/ebadia/Developer/node/favolist/backend/src/controllers/shops/dto/create-shop.dto.ts","statementMap":{"0":{"start":{"line":2,"column":17},"end":{"line":7,"column":1}},"1":{"start":{"line":3,"column":12},"end":{"line":3,"column":28}},"2":{"start":{"line":3,"column":34},"end":{"line":3,"column":125}},"3":{"start":{"line":4,"column":4},"end":{"line":5,"column":150}},"4":{"start":{"line":4,"column":79},"end":{"line":4,"column":131}},"5":{"start":{"line":5,"column":9},"end":{"line":5,"column":150}},"6":{"start":{"line":5,"column":58},"end":{"line":5,"column":150}},"7":{"start":{"line":5,"column":81},"end":{"line":5,"column":150}},"8":{"start":{"line":6,"column":4},"end":{"line":6,"column":66}},"9":{"start":{"line":8,"column":17},"end":{"line":10,"column":1}},"10":{"start":{"line":9,"column":4},"end":{"line":9,"column":109}},"11":{"start":{"line":9,"column":79},"end":{"line":9,"column":109}},"12":{"start":{"line":11,"column":0},"end":{"line":11,"column":62}},"13":{"start":{"line":12,"column":26},"end":{"line":12,"column":52}},"14":{"start":{"line":15,"column":0},"end":{"line":18,"column":42}},"15":{"start":{"line":19,"column":0},"end":{"line":22,"column":44}},"16":{"start":{"line":23,"column":0},"end":{"line":26,"column":45}},"17":{"start":{"line":27,"column":0},"end":{"line":27,"column":38}}},"fnMap":{"0":{"name":"(anonymous_0)","decl":{"start":{"line":2,"column":46},"end":{"line":2,"column":47}},"loc":{"start":{"line":2,"column":87},"end":{"line":7,"column":1}},"line":2},"1":{"name":"(anonymous_1)","decl":{"start":{"line":8,"column":46},"end":{"line":8,"column":47}},"loc":{"start":{"line":8,"column":62},"end":{"line":10,"column":1}},"line":8}},"branchMap":{"0":{"loc":{"start":{"line":2,"column":17},"end":{"line":7,"column":1}},"type":"binary-expr","locations":[{"start":{"line":2,"column":18},"end":{"line":2,"column":22}},{"start":{"line":2,"column":26},"end":{"line":2,"column":41}},{"start":{"line":2,"column":46},"end":{"line":7,"column":1}}],"line":2},"1":{"loc":{"start":{"line":3,"column":34},"end":{"line":3,"column":125}},"type":"cond-expr","locations":[{"start":{"line":3,"column":42},"end":{"line":3,"column":48}},{"start":{"line":3,"column":51},"end":{"line":3,"column":125}}],"line":3},"2":{"loc":{"start":{"line":3,"column":51},"end":{"line":3,"column":125}},"type":"cond-expr","locations":[{"start":{"line":3,"column":67},"end":{"line":3,"column":118}},{"start":{"line":3,"column":121},"end":{"line":3,"column":125}}],"line":3},"3":{"loc":{"start":{"line":4,"column":4},"end":{"line":5,"column":150}},"type":"if","locations":[{"start":{"line":4,"column":4},"end":{"line":5,"column":150}},{"start":{"line":4,"column":4},"end":{"line":5,"column":150}}],"line":4},"4":{"loc":{"start":{"line":4,"column":8},"end":{"line":4,"column":77}},"type":"binary-expr","locations":[{"start":{"line":4,"column":8},"end":{"line":4,"column":35}},{"start":{"line":4,"column":39},"end":{"line":4,"column":77}}],"line":4},"5":{"loc":{"start":{"line":5,"column":58},"end":{"line":5,"column":150}},"type":"if","locations":[{"start":{"line":5,"column":58},"end":{"line":5,"column":150}},{"start":{"line":5,"column":58},"end":{"line":5,"column":150}}],"line":5},"6":{"loc":{"start":{"line":5,"column":85},"end":{"line":5,"column":149}},"type":"binary-expr","locations":[{"start":{"line":5,"column":86},"end":{"line":5,"column":143}},{"start":{"line":5,"column":148},"end":{"line":5,"column":149}}],"line":5},"7":{"loc":{"start":{"line":5,"column":86},"end":{"line":5,"column":143}},"type":"cond-expr","locations":[{"start":{"line":5,"column":94},"end":{"line":5,"column":98}},{"start":{"line":5,"column":101},"end":{"line":5,"column":143}}],"line":5},"8":{"loc":{"start":{"line":5,"column":101},"end":{"line":5,"column":143}},"type":"cond-expr","locations":[{"start":{"line":5,"column":109},"end":{"line":5,"column":126}},{"start":{"line":5,"column":129},"end":{"line":5,"column":143}}],"line":5},"9":{"loc":{"start":{"line":6,"column":11},"end":{"line":6,"column":62}},"type":"binary-expr","locations":[{"start":{"line":6,"column":11},"end":{"line":6,"column":16}},{"start":{"line":6,"column":20},"end":{"line":6,"column":21}},{"start":{"line":6,"column":25},"end":{"line":6,"column":62}}],"line":6},"10":{"loc":{"start":{"line":8,"column":17},"end":{"line":10,"column":1}},"type":"binary-expr","locations":[{"start":{"line":8,"column":18},"end":{"line":8,"column":22}},{"start":{"line":8,"column":26},"end":{"line":8,"column":41}},{"start":{"line":8,"column":46},"end":{"line":10,"column":1}}],"line":8},"11":{"loc":{"start":{"line":9,"column":4},"end":{"line":9,"column":109}},"type":"if","locations":[{"start":{"line":9,"column":4},"end":{"line":9,"column":109}},{"start":{"line":9,"column":4},"end":{"line":9,"column":109}}],"line":9},"12":{"loc":{"start":{"line":9,"column":8},"end":{"line":9,"column":77}},"type":"binary-expr","locations":[{"start":{"line":9,"column":8},"end":{"line":9,"column":35}},{"start":{"line":9,"column":39},"end":{"line":9,"column":77}}],"line":9}},"s":{"0":1,"1":3,"2":3,"3":3,"4":3,"5":0,"6":0,"7":0,"8":3,"9":1,"10":3,"11":3,"12":1,"13":1,"14":1,"15":1,"16":1,"17":1},"f":{"0":3,"1":3},"b":{"0":[1,1,1],"1":[0,3],"2":[0,3],"3":[3,0],"4":[3,3],"5":[0,0],"6":[0,0],"7":[0,0],"8":[0,0],"9":[3,3,0],"10":[1,1,1],"11":[3,0],"12":[3,3]},"inputSourceMap":{"version":3,"file":"create-shop.dto.js","sourceRoot":"","sources":["create-shop.dto.ts"],"names":[],"mappings":";;;;;;;;;;;AAAA,qDAAuE;AAIvE;CAIC;AAHwB;IAAtB,4BAAU,EAAE,EAAE,uBAAK,EAAE;;yCAAoB;AAChB;IAAzB,4BAAU,EAAE,EAAE,0BAAQ,EAAE;;2CAAsB;AACtB;IAAxB,4BAAU,EAAE,EAAE,yBAAO,EAAE;;4CAA8B;AAHxD,sCAIC","sourcesContent":["import { IsString, IsInt, IsArray, IsOptional } from 'class-validator';\n\nimport { ShopUserDto } from '../../users/dto/shop-user.dto'\n\nexport class CreateShopDto {\n  @IsOptional() @IsInt() readonly id: number\n  @IsOptional() @IsString() readonly name: string\n  @IsOptional() @IsArray() readonly users: ShopUserDto[]\n}\n"]},"_coverageSchema":"332fd63041d2c1bcb487cc26dd0d5f7d97098a6c","hash":"9f381cca848910dd6f0fee3ea4ce2baae2aaeb99"}
,"/Users/ebadia/Developer/node/favolist/backend/src/controllers/users/users.controller.ts": {"path":"/Users/ebadia/Developer/node/favolist/backend/src/controllers/users/users.controller.ts","statementMap":{"0":{"start":{"line":2,"column":17},"end":{"line":7,"column":1}},"1":{"start":{"line":3,"column":12},"end":{"line":3,"column":28}},"2":{"start":{"line":3,"column":34},"end":{"line":3,"column":125}},"3":{"start":{"line":4,"column":4},"end":{"line":5,"column":150}},"4":{"start":{"line":4,"column":79},"end":{"line":4,"column":131}},"5":{"start":{"line":5,"column":9},"end":{"line":5,"column":150}},"6":{"start":{"line":5,"column":58},"end":{"line":5,"column":150}},"7":{"start":{"line":5,"column":81},"end":{"line":5,"column":150}},"8":{"start":{"line":6,"column":4},"end":{"line":6,"column":66}},"9":{"start":{"line":8,"column":17},"end":{"line":10,"column":1}},"10":{"start":{"line":9,"column":4},"end":{"line":9,"column":109}},"11":{"start":{"line":9,"column":79},"end":{"line":9,"column":109}},"12":{"start":{"line":11,"column":14},"end":{"line":13,"column":1}},"13":{"start":{"line":12,"column":4},"end":{"line":12,"column":73}},"14":{"start":{"line":12,"column":36},"end":{"line":12,"column":71}},"15":{"start":{"line":14,"column":16},"end":{"line":21,"column":1}},"16":{"start":{"line":15,"column":4},"end":{"line":20,"column":7}},"17":{"start":{"line":16,"column":36},"end":{"line":16,"column":97}},"18":{"start":{"line":16,"column":42},"end":{"line":16,"column":70}},"19":{"start":{"line":16,"column":85},"end":{"line":16,"column":95}},"20":{"start":{"line":17,"column":35},"end":{"line":17,"column":100}},"21":{"start":{"line":17,"column":41},"end":{"line":17,"column":73}},"22":{"start":{"line":17,"column":88},"end":{"line":17,"column":98}},"23":{"start":{"line":18,"column":32},"end":{"line":18,"column":149}},"24":{"start":{"line":18,"column":97},"end":{"line":18,"column":119}},"25":{"start":{"line":19,"column":8},"end":{"line":19,"column":78}},"26":{"start":{"line":22,"column":0},"end":{"line":22,"column":62}},"27":{"start":{"line":23,"column":17},"end":{"line":23,"column":42}},"28":{"start":{"line":24,"column":17},"end":{"line":24,"column":42}},"29":{"start":{"line":25,"column":26},"end":{"line":25,"column":71}},"30":{"start":{"line":26,"column":25},"end":{"line":26,"column":69}},"31":{"start":{"line":27,"column":26},"end":{"line":27,"column":58}},"32":{"start":{"line":28,"column":26},"end":{"line":28,"column":58}},"33":{"start":{"line":29,"column":23},"end":{"line":29,"column":52}},"34":{"start":{"line":30,"column":26},"end":{"line":30,"column":65}},"35":{"start":{"line":31,"column":24},"end":{"line":31,"column":50}},"36":{"start":{"line":32,"column":22},"end":{"line":111,"column":1}},"37":{"start":{"line":34,"column":8},"end":{"line":34,"column":41}},"38":{"start":{"line":37,"column":8},"end":{"line":39,"column":11}},"39":{"start":{"line":38,"column":12},"end":{"line":38,"column":53}},"40":{"start":{"line":42,"column":8},"end":{"line":44,"column":11}},"41":{"start":{"line":43,"column":12},"end":{"line":43,"column":59}},"42":{"start":{"line":47,"column":8},"end":{"line":49,"column":11}},"43":{"start":{"line":48,"column":12},"end":{"line":48,"column":55}},"44":{"start":{"line":52,"column":8},"end":{"line":54,"column":11}},"45":{"start":{"line":53,"column":12},"end":{"line":53,"column":64}},"46":{"start":{"line":57,"column":8},"end":{"line":59,"column":11}},"47":{"start":{"line":58,"column":12},"end":{"line":58,"column":64}},"48":{"start":{"line":62,"column":8},"end":{"line":69,"column":11}},"49":{"start":{"line":63,"column":12},"end":{"line":68,"column":13}},"50":{"start":{"line":64,"column":16},"end":{"line":64,"column":71}},"51":{"start":{"line":67,"column":16},"end":{"line":67,"column":62}},"52":{"start":{"line":72,"column":8},"end":{"line":79,"column":11}},"53":{"start":{"line":73,"column":12},"end":{"line":78,"column":13}},"54":{"start":{"line":74,"column":16},"end":{"line":74,"column":60}},"55":{"start":{"line":77,"column":16},"end":{"line":77,"column":62}},"56":{"start":{"line":82,"column":8},"end":{"line":89,"column":11}},"57":{"start":{"line":83,"column":12},"end":{"line":88,"column":13}},"58":{"start":{"line":84,"column":16},"end":{"line":84,"column":64}},"59":{"start":{"line":87,"column":16},"end":{"line":87,"column":62}},"60":{"start":{"line":92,"column":8},"end":{"line":99,"column":11}},"61":{"start":{"line":93,"column":12},"end":{"line":98,"column":13}},"62":{"start":{"line":94,"column":16},"end":{"line":94,"column":65}},"63":{"start":{"line":97,"column":16},"end":{"line":97,"column":62}},"64":{"start":{"line":102,"column":8},"end":{"line":104,"column":11}},"65":{"start":{"line":103,"column":12},"end":{"line":103,"column":47}},"66":{"start":{"line":107,"column":8},"end":{"line":109,"column":11}},"67":{"start":{"line":108,"column":12},"end":{"line":108,"column":78}},"68":{"start":{"line":112,"column":0},"end":{"line":117,"column":47}},"69":{"start":{"line":118,"column":0},"end":{"line":123,"column":53}},"70":{"start":{"line":124,"column":0},"end":{"line":130,"column":47}},"71":{"start":{"line":131,"column":0},"end":{"line":137,"column":56}},"72":{"start":{"line":138,"column":0},"end":{"line":144,"column":56}},"73":{"start":{"line":145,"column":0},"end":{"line":152,"column":53}},"74":{"start":{"line":153,"column":0},"end":{"line":160,"column":46}},"75":{"start":{"line":161,"column":0},"end":{"line":168,"column":46}},"76":{"start":{"line":169,"column":0},"end":{"line":176,"column":47}},"77":{"start":{"line":177,"column":0},"end":{"line":183,"column":46}},"78":{"start":{"line":184,"column":0},"end":{"line":190,"column":58}},"79":{"start":{"line":191,"column":0},"end":{"line":194,"column":20}},"80":{"start":{"line":195,"column":0},"end":{"line":195,"column":42}}},"fnMap":{"0":{"name":"(anonymous_0)","decl":{"start":{"line":2,"column":46},"end":{"line":2,"column":47}},"loc":{"start":{"line":2,"column":87},"end":{"line":7,"column":1}},"line":2},"1":{"name":"(anonymous_1)","decl":{"start":{"line":8,"column":46},"end":{"line":8,"column":47}},"loc":{"start":{"line":8,"column":62},"end":{"line":10,"column":1}},"line":8},"2":{"name":"(anonymous_2)","decl":{"start":{"line":11,"column":40},"end":{"line":11,"column":41}},"loc":{"start":{"line":11,"column":73},"end":{"line":13,"column":1}},"line":11},"3":{"name":"(anonymous_3)","decl":{"start":{"line":12,"column":11},"end":{"line":12,"column":12}},"loc":{"start":{"line":12,"column":34},"end":{"line":12,"column":73}},"line":12},"4":{"name":"(anonymous_4)","decl":{"start":{"line":14,"column":44},"end":{"line":14,"column":45}},"loc":{"start":{"line":14,"column":89},"end":{"line":21,"column":1}},"line":14},"5":{"name":"(anonymous_5)","decl":{"start":{"line":15,"column":36},"end":{"line":15,"column":37}},"loc":{"start":{"line":15,"column":63},"end":{"line":20,"column":5}},"line":15},"6":{"name":"fulfilled","decl":{"start":{"line":16,"column":17},"end":{"line":16,"column":26}},"loc":{"start":{"line":16,"column":34},"end":{"line":16,"column":99}},"line":16},"7":{"name":"rejected","decl":{"start":{"line":17,"column":17},"end":{"line":17,"column":25}},"loc":{"start":{"line":17,"column":33},"end":{"line":17,"column":102}},"line":17},"8":{"name":"step","decl":{"start":{"line":18,"column":17},"end":{"line":18,"column":21}},"loc":{"start":{"line":18,"column":30},"end":{"line":18,"column":151}},"line":18},"9":{"name":"(anonymous_9)","decl":{"start":{"line":18,"column":76},"end":{"line":18,"column":77}},"loc":{"start":{"line":18,"column":95},"end":{"line":18,"column":121}},"line":18},"10":{"name":"(anonymous_10)","decl":{"start":{"line":33,"column":4},"end":{"line":33,"column":5}},"loc":{"start":{"line":33,"column":30},"end":{"line":35,"column":5}},"line":33},"11":{"name":"(anonymous_11)","decl":{"start":{"line":36,"column":4},"end":{"line":36,"column":5}},"loc":{"start":{"line":36,"column":14},"end":{"line":40,"column":5}},"line":36},"12":{"name":"(anonymous_12)","decl":{"start":{"line":37,"column":47},"end":{"line":37,"column":48}},"loc":{"start":{"line":37,"column":60},"end":{"line":39,"column":9}},"line":37},"13":{"name":"(anonymous_13)","decl":{"start":{"line":41,"column":4},"end":{"line":41,"column":5}},"loc":{"start":{"line":41,"column":20},"end":{"line":45,"column":5}},"line":41},"14":{"name":"(anonymous_14)","decl":{"start":{"line":42,"column":47},"end":{"line":42,"column":48}},"loc":{"start":{"line":42,"column":60},"end":{"line":44,"column":9}},"line":42},"15":{"name":"(anonymous_15)","decl":{"start":{"line":46,"column":4},"end":{"line":46,"column":5}},"loc":{"start":{"line":46,"column":16},"end":{"line":50,"column":5}},"line":46},"16":{"name":"(anonymous_16)","decl":{"start":{"line":47,"column":47},"end":{"line":47,"column":48}},"loc":{"start":{"line":47,"column":60},"end":{"line":49,"column":9}},"line":47},"17":{"name":"(anonymous_17)","decl":{"start":{"line":51,"column":4},"end":{"line":51,"column":5}},"loc":{"start":{"line":51,"column":25},"end":{"line":55,"column":5}},"line":51},"18":{"name":"(anonymous_18)","decl":{"start":{"line":52,"column":47},"end":{"line":52,"column":48}},"loc":{"start":{"line":52,"column":60},"end":{"line":54,"column":9}},"line":52},"19":{"name":"(anonymous_19)","decl":{"start":{"line":56,"column":4},"end":{"line":56,"column":5}},"loc":{"start":{"line":56,"column":25},"end":{"line":60,"column":5}},"line":56},"20":{"name":"(anonymous_20)","decl":{"start":{"line":57,"column":47},"end":{"line":57,"column":48}},"loc":{"start":{"line":57,"column":60},"end":{"line":59,"column":9}},"line":57},"21":{"name":"(anonymous_21)","decl":{"start":{"line":61,"column":4},"end":{"line":61,"column":5}},"loc":{"start":{"line":61,"column":28},"end":{"line":70,"column":5}},"line":61},"22":{"name":"(anonymous_22)","decl":{"start":{"line":62,"column":47},"end":{"line":62,"column":48}},"loc":{"start":{"line":62,"column":60},"end":{"line":69,"column":9}},"line":62},"23":{"name":"(anonymous_23)","decl":{"start":{"line":71,"column":4},"end":{"line":71,"column":5}},"loc":{"start":{"line":71,"column":17},"end":{"line":80,"column":5}},"line":71},"24":{"name":"(anonymous_24)","decl":{"start":{"line":72,"column":47},"end":{"line":72,"column":48}},"loc":{"start":{"line":72,"column":60},"end":{"line":79,"column":9}},"line":72},"25":{"name":"(anonymous_25)","decl":{"start":{"line":81,"column":4},"end":{"line":81,"column":5}},"loc":{"start":{"line":81,"column":21},"end":{"line":90,"column":5}},"line":81},"26":{"name":"(anonymous_26)","decl":{"start":{"line":82,"column":47},"end":{"line":82,"column":48}},"loc":{"start":{"line":82,"column":60},"end":{"line":89,"column":9}},"line":82},"27":{"name":"(anonymous_27)","decl":{"start":{"line":91,"column":4},"end":{"line":91,"column":5}},"loc":{"start":{"line":91,"column":22},"end":{"line":100,"column":5}},"line":91},"28":{"name":"(anonymous_28)","decl":{"start":{"line":92,"column":47},"end":{"line":92,"column":48}},"loc":{"start":{"line":92,"column":60},"end":{"line":99,"column":9}},"line":92},"29":{"name":"(anonymous_29)","decl":{"start":{"line":101,"column":4},"end":{"line":101,"column":5}},"loc":{"start":{"line":101,"column":15},"end":{"line":105,"column":5}},"line":101},"30":{"name":"(anonymous_30)","decl":{"start":{"line":102,"column":47},"end":{"line":102,"column":48}},"loc":{"start":{"line":102,"column":60},"end":{"line":104,"column":9}},"line":102},"31":{"name":"(anonymous_31)","decl":{"start":{"line":106,"column":4},"end":{"line":106,"column":5}},"loc":{"start":{"line":106,"column":39},"end":{"line":110,"column":5}},"line":106},"32":{"name":"(anonymous_32)","decl":{"start":{"line":107,"column":47},"end":{"line":107,"column":48}},"loc":{"start":{"line":107,"column":60},"end":{"line":109,"column":9}},"line":107}},"branchMap":{"0":{"loc":{"start":{"line":2,"column":17},"end":{"line":7,"column":1}},"type":"binary-expr","locations":[{"start":{"line":2,"column":18},"end":{"line":2,"column":22}},{"start":{"line":2,"column":26},"end":{"line":2,"column":41}},{"start":{"line":2,"column":46},"end":{"line":7,"column":1}}],"line":2},"1":{"loc":{"start":{"line":3,"column":34},"end":{"line":3,"column":125}},"type":"cond-expr","locations":[{"start":{"line":3,"column":42},"end":{"line":3,"column":48}},{"start":{"line":3,"column":51},"end":{"line":3,"column":125}}],"line":3},"2":{"loc":{"start":{"line":3,"column":51},"end":{"line":3,"column":125}},"type":"cond-expr","locations":[{"start":{"line":3,"column":67},"end":{"line":3,"column":118}},{"start":{"line":3,"column":121},"end":{"line":3,"column":125}}],"line":3},"3":{"loc":{"start":{"line":4,"column":4},"end":{"line":5,"column":150}},"type":"if","locations":[{"start":{"line":4,"column":4},"end":{"line":5,"column":150}},{"start":{"line":4,"column":4},"end":{"line":5,"column":150}}],"line":4},"4":{"loc":{"start":{"line":4,"column":8},"end":{"line":4,"column":77}},"type":"binary-expr","locations":[{"start":{"line":4,"column":8},"end":{"line":4,"column":35}},{"start":{"line":4,"column":39},"end":{"line":4,"column":77}}],"line":4},"5":{"loc":{"start":{"line":5,"column":58},"end":{"line":5,"column":150}},"type":"if","locations":[{"start":{"line":5,"column":58},"end":{"line":5,"column":150}},{"start":{"line":5,"column":58},"end":{"line":5,"column":150}}],"line":5},"6":{"loc":{"start":{"line":5,"column":85},"end":{"line":5,"column":149}},"type":"binary-expr","locations":[{"start":{"line":5,"column":86},"end":{"line":5,"column":143}},{"start":{"line":5,"column":148},"end":{"line":5,"column":149}}],"line":5},"7":{"loc":{"start":{"line":5,"column":86},"end":{"line":5,"column":143}},"type":"cond-expr","locations":[{"start":{"line":5,"column":94},"end":{"line":5,"column":98}},{"start":{"line":5,"column":101},"end":{"line":5,"column":143}}],"line":5},"8":{"loc":{"start":{"line":5,"column":101},"end":{"line":5,"column":143}},"type":"cond-expr","locations":[{"start":{"line":5,"column":109},"end":{"line":5,"column":126}},{"start":{"line":5,"column":129},"end":{"line":5,"column":143}}],"line":5},"9":{"loc":{"start":{"line":6,"column":11},"end":{"line":6,"column":62}},"type":"binary-expr","locations":[{"start":{"line":6,"column":11},"end":{"line":6,"column":16}},{"start":{"line":6,"column":20},"end":{"line":6,"column":21}},{"start":{"line":6,"column":25},"end":{"line":6,"column":62}}],"line":6},"10":{"loc":{"start":{"line":8,"column":17},"end":{"line":10,"column":1}},"type":"binary-expr","locations":[{"start":{"line":8,"column":18},"end":{"line":8,"column":22}},{"start":{"line":8,"column":26},"end":{"line":8,"column":41}},{"start":{"line":8,"column":46},"end":{"line":10,"column":1}}],"line":8},"11":{"loc":{"start":{"line":9,"column":4},"end":{"line":9,"column":109}},"type":"if","locations":[{"start":{"line":9,"column":4},"end":{"line":9,"column":109}},{"start":{"line":9,"column":4},"end":{"line":9,"column":109}}],"line":9},"12":{"loc":{"start":{"line":9,"column":8},"end":{"line":9,"column":77}},"type":"binary-expr","locations":[{"start":{"line":9,"column":8},"end":{"line":9,"column":35}},{"start":{"line":9,"column":39},"end":{"line":9,"column":77}}],"line":9},"13":{"loc":{"start":{"line":11,"column":14},"end":{"line":13,"column":1}},"type":"binary-expr","locations":[{"start":{"line":11,"column":15},"end":{"line":11,"column":19}},{"start":{"line":11,"column":23},"end":{"line":11,"column":35}},{"start":{"line":11,"column":40},"end":{"line":13,"column":1}}],"line":11},"14":{"loc":{"start":{"line":14,"column":16},"end":{"line":21,"column":1}},"type":"binary-expr","locations":[{"start":{"line":14,"column":17},"end":{"line":14,"column":21}},{"start":{"line":14,"column":25},"end":{"line":14,"column":39}},{"start":{"line":14,"column":44},"end":{"line":21,"column":1}}],"line":14},"15":{"loc":{"start":{"line":15,"column":16},"end":{"line":15,"column":34}},"type":"binary-expr","locations":[{"start":{"line":15,"column":16},"end":{"line":15,"column":17}},{"start":{"line":15,"column":22},"end":{"line":15,"column":33}}],"line":15},"16":{"loc":{"start":{"line":18,"column":32},"end":{"line":18,"column":148}},"type":"cond-expr","locations":[{"start":{"line":18,"column":46},"end":{"line":18,"column":67}},{"start":{"line":18,"column":70},"end":{"line":18,"column":148}}],"line":18},"17":{"loc":{"start":{"line":19,"column":51},"end":{"line":19,"column":67}},"type":"binary-expr","locations":[{"start":{"line":19,"column":51},"end":{"line":19,"column":61}},{"start":{"line":19,"column":65},"end":{"line":19,"column":67}}],"line":19},"18":{"loc":{"start":{"line":150,"column":45},"end":{"line":150,"column":179}},"type":"binary-expr","locations":[{"start":{"line":150,"column":45},"end":{"line":150,"column":163}},{"start":{"line":150,"column":167},"end":{"line":150,"column":169}},{"start":{"line":150,"column":173},"end":{"line":150,"column":179}}],"line":150},"19":{"loc":{"start":{"line":150,"column":58},"end":{"line":150,"column":147}},"type":"binary-expr","locations":[{"start":{"line":150,"column":58},"end":{"line":150,"column":112}},{"start":{"line":150,"column":116},"end":{"line":150,"column":147}}],"line":150},"20":{"loc":{"start":{"line":158,"column":37},"end":{"line":158,"column":171}},"type":"binary-expr","locations":[{"start":{"line":158,"column":37},"end":{"line":158,"column":155}},{"start":{"line":158,"column":159},"end":{"line":158,"column":161}},{"start":{"line":158,"column":165},"end":{"line":158,"column":171}}],"line":158},"21":{"loc":{"start":{"line":158,"column":50},"end":{"line":158,"column":139}},"type":"binary-expr","locations":[{"start":{"line":158,"column":50},"end":{"line":158,"column":104}},{"start":{"line":158,"column":108},"end":{"line":158,"column":139}}],"line":158},"22":{"loc":{"start":{"line":166,"column":45},"end":{"line":166,"column":179}},"type":"binary-expr","locations":[{"start":{"line":166,"column":45},"end":{"line":166,"column":163}},{"start":{"line":166,"column":167},"end":{"line":166,"column":169}},{"start":{"line":166,"column":173},"end":{"line":166,"column":179}}],"line":166},"23":{"loc":{"start":{"line":166,"column":58},"end":{"line":166,"column":147}},"type":"binary-expr","locations":[{"start":{"line":166,"column":58},"end":{"line":166,"column":112}},{"start":{"line":166,"column":116},"end":{"line":166,"column":147}}],"line":166},"24":{"loc":{"start":{"line":174,"column":45},"end":{"line":174,"column":167}},"type":"binary-expr","locations":[{"start":{"line":174,"column":45},"end":{"line":174,"column":151}},{"start":{"line":174,"column":155},"end":{"line":174,"column":157}},{"start":{"line":174,"column":161},"end":{"line":174,"column":167}}],"line":174},"25":{"loc":{"start":{"line":174,"column":58},"end":{"line":174,"column":135}},"type":"binary-expr","locations":[{"start":{"line":174,"column":58},"end":{"line":174,"column":106}},{"start":{"line":174,"column":110},"end":{"line":174,"column":135}}],"line":174},"26":{"loc":{"start":{"line":193,"column":37},"end":{"line":193,"column":165}},"type":"binary-expr","locations":[{"start":{"line":193,"column":37},"end":{"line":193,"column":149}},{"start":{"line":193,"column":153},"end":{"line":193,"column":155}},{"start":{"line":193,"column":159},"end":{"line":193,"column":165}}],"line":193},"27":{"loc":{"start":{"line":193,"column":50},"end":{"line":193,"column":133}},"type":"binary-expr","locations":[{"start":{"line":193,"column":50},"end":{"line":193,"column":101}},{"start":{"line":193,"column":105},"end":{"line":193,"column":133}}],"line":193}},"s":{"0":1,"1":12,"2":12,"3":12,"4":12,"5":0,"6":0,"7":0,"8":12,"9":1,"10":34,"11":34,"12":1,"13":13,"14":13,"15":1,"16":1,"17":1,"18":1,"19":0,"20":0,"21":0,"22":0,"23":2,"24":1,"25":1,"26":1,"27":1,"28":1,"29":1,"30":1,"31":1,"32":1,"33":1,"34":1,"35":1,"36":1,"37":3,"38":1,"39":1,"40":0,"41":0,"42":0,"43":0,"44":0,"45":0,"46":0,"47":0,"48":0,"49":0,"50":0,"51":0,"52":0,"53":0,"54":0,"55":0,"56":0,"57":0,"58":0,"59":0,"60":0,"61":0,"62":0,"63":0,"64":0,"65":0,"66":0,"67":0,"68":1,"69":1,"70":1,"71":1,"72":1,"73":1,"74":1,"75":1,"76":1,"77":1,"78":1,"79":1,"80":1},"f":{"0":12,"1":34,"2":13,"3":13,"4":1,"5":1,"6":1,"7":0,"8":2,"9":1,"10":3,"11":1,"12":1,"13":0,"14":0,"15":0,"16":0,"17":0,"18":0,"19":0,"20":0,"21":0,"22":0,"23":0,"24":0,"25":0,"26":0,"27":0,"28":0,"29":0,"30":0,"31":0,"32":0},"b":{"0":[1,1,1],"1":[1,11],"2":[11,0],"3":[12,0],"4":[12,12],"5":[0,0],"6":[0,0],"7":[0,0],"8":[0,0],"9":[12,11,11],"10":[1,1,1],"11":[34,0],"12":[34,34],"13":[1,1,1],"14":[1,1,1],"15":[1,1],"16":[1,1],"17":[1,1],"18":[1,1,0],"19":[1,1],"20":[1,1,0],"21":[1,1],"22":[1,1,0],"23":[1,1],"24":[1,1,0],"25":[1,1],"26":[1,1,0],"27":[1,1]},"inputSourceMap":{"version":3,"file":"users.controller.js","sourceRoot":"","sources":["users.controller.ts"],"names":[],"mappings":";;;;;;;;;;;;;;;;;;;;;;AAAA,2CAAgI;AAChI,2CAAyC;AACzC,wEAAmE;AACnE,sEAAgE;AAEhE,2DAAqD;AACrD,2DAAqD;AACrD,qDAA+C;AAC/C,kEAA4D;AAE5D,mDAA8C;AAK9C,IAAa,eAAe,GAA5B;IAEE,YACmB,YAA0B;QAA1B,iBAAY,GAAZ,YAAY,CAAc;IAC1C,CAAC;IAGE,OAAO;;YACX,MAAM,CAAC,MAAM,IAAI,CAAC,YAAY,CAAC,OAAO,EAAE,CAAA;QAC1C,CAAC;KAAA;IAGK,aAAa;;YACjB,MAAM,CAAC,MAAM,IAAI,CAAC,YAAY,CAAC,aAAa,EAAE,CAAA;QAChD,CAAC;KAAA;IAGK,OAAO,CAAkC,EAAE;;YAE9C,MAAM,CAAC,MAAM,IAAI,CAAC,YAAY,CAAC,OAAO,CAAC,EAAE,CAAC,CAAC;QAC9C,CAAC;KAAA;IAGK,gBAAgB,CAAkC,EAAE;;YAEvD,MAAM,CAAC,MAAM,IAAI,CAAC,YAAY,CAAC,gBAAgB,CAAC,EAAE,CAAC,CAAC;QACvD,CAAC;KAAA;IAGK,gBAAgB,CAAkC,EAAE;;YAEvD,MAAM,CAAC,MAAM,IAAI,CAAC,YAAY,CAAC,gBAAgB,CAAC,EAAE,CAAC,CAAC;QACvD,CAAC;KAAA;IAIK,aAAa,CAAmC,EAAE,EAAU,IAAmB;;YAEnF,IAAI,CAAC;gBACH,MAAM,CAAC,MAAM,IAAI,CAAC,YAAY,CAAC,aAAa,CAAE,EAAE,EAAE,IAAI,CAAE,CAAA;YAC1D,CAAC;YACD,KAAK,CAAA,CAAE,KAAM,CAAC,CAAC,CAAC;gBACd,MAAM,IAAI,4BAAmB,CAAC,KAAK,CAAC,CAAA;YACtC,CAAC;QACH,CAAC;KAAA;IAIK,MAAM,CAAU,IAAmB;;YAEvC,IAAI,CAAC;gBACH,MAAM,CAAC,MAAM,IAAI,CAAC,YAAY,CAAC,MAAM,CAAE,IAAI,CAAE,CAAA;YAC/C,CAAC;YACD,KAAK,CAAA,CAAE,KAAM,CAAC,CAAC,CAAC;gBACd,MAAM,IAAI,4BAAmB,CAAC,KAAK,CAAC,CAAA;YACtC,CAAC;QACH,CAAC;KAAA;IAIK,MAAM,CAAmC,EAAE,EAAU,IAAmB;;YAC5E,IAAI,CAAC;gBACH,MAAM,CAAC,MAAM,IAAI,CAAC,YAAY,CAAC,MAAM,CAAE,EAAE,EAAE,IAAI,CAAE,CAAA;YACnD,CAAC;YACD,KAAK,CAAA,CAAE,KAAM,CAAC,CAAC,CAAC;gBACd,MAAM,IAAI,4BAAmB,CAAC,KAAK,CAAC,CAAA;YACtC,CAAC;QACH,CAAC;KAAA;IAIK,OAAO,CAAmC,EAAE,EAAU,IAAgB;;YAC1E,IAAI,CAAC;gBACH,MAAM,CAAC,MAAM,IAAI,CAAC,YAAY,CAAC,OAAO,CAAE,EAAE,EAAE,IAAI,CAAE,CAAA;YACpD,CAAC;YACD,KAAK,CAAA,CAAE,KAAM,CAAC,CAAC,CAAC;gBACd,MAAM,IAAI,4BAAmB,CAAC,KAAK,CAAC,CAAA;YACtC,CAAC;QACH,CAAC;KAAA;IAGK,MAAM,CAAmC,EAAE;;YAC/C,MAAM,IAAI,CAAC,YAAY,CAAC,MAAM,CAAC,EAAE,CAAC,CAAA;QACpC,CAAC;KAAA;IAGK,kBAAkB,CAAuC,MAAM,EAAuC,MAAM;;YAChH,MAAM,CAAC,MAAM,IAAI,CAAC,YAAY,CAAC,kBAAkB,CAAC,MAAM,EAAE,MAAM,CAAC,CAAA;QACnE,CAAC;KAAA;CAGF,CAAA;AApFC;IADC,YAAG,EAAE;;;;8CAGL;AAGD;IADC,YAAG,CAAC,OAAO,CAAC;;;;oDAGZ;AAGD;IADC,YAAG,CAAC,KAAK,CAAC;IACI,WAAA,cAAK,CAAC,IAAI,EAAE,IAAI,6BAAY,EAAE,CAAC,CAAA;;;;8CAG7C;AAGD;IADC,YAAG,CAAC,WAAW,CAAC;IACO,WAAA,cAAK,CAAC,IAAI,EAAE,IAAI,6BAAY,EAAE,CAAC,CAAA;;;;uDAGtD;AAGD;IADC,YAAG,CAAC,YAAY,CAAC;IACM,WAAA,cAAK,CAAC,IAAI,EAAE,IAAI,6BAAY,EAAE,CAAC,CAAA;;;;uDAGtD;AAID;IAFC,aAAI,CAAC,WAAW,CAAC;IACjB,iBAAQ,CAAC,IAAI,gCAAc,EAAE,CAAC;IACT,WAAA,cAAK,CAAC,IAAI,EAAE,IAAI,6BAAY,EAAE,CAAC,CAAA,EAAM,WAAA,aAAI,EAAE,CAAA;;iEAAO,+BAAa,oBAAb,+BAAa;;oDAQpF;AAID;IAFC,aAAI,EAAE;IACN,iBAAQ,CAAC,IAAI,gCAAc,EAAE,CAAC;IAChB,WAAA,aAAI,EAAE,CAAA;;yDAAO,+BAAa,oBAAb,+BAAa;;6CAQxC;AAID;IAFC,cAAK,CAAC,KAAK,CAAC;IACZ,iBAAQ,CAAC,IAAI,gCAAc,EAAE,CAAC;IAChB,WAAA,cAAK,CAAC,IAAI,EAAE,IAAI,6BAAY,EAAE,CAAC,CAAA,EAAM,WAAA,aAAI,EAAE,CAAA;;iEAAO,+BAAa,oBAAb,+BAAa;;6CAO7E;AAID;IAFC,cAAK,CAAC,WAAW,CAAC;IAClB,iBAAQ,CAAC,IAAI,gCAAc,EAAE,CAAC;IACf,WAAA,cAAK,CAAC,IAAI,EAAE,IAAI,6BAAY,EAAE,CAAC,CAAA,EAAM,WAAA,aAAI,EAAE,CAAA;;iEAAO,yBAAU,oBAAV,yBAAU;;8CAO3E;AAGD;IADC,eAAM,CAAC,KAAK,CAAC;IACC,WAAA,cAAK,CAAC,IAAI,EAAE,IAAI,6BAAY,EAAE,CAAC,CAAA;;;;6CAE7C;AAGD;IADC,eAAM,CAAC,uBAAuB,CAAC;IACL,WAAA,cAAK,CAAC,QAAQ,EAAE,IAAI,6BAAY,EAAE,CAAC,CAAA,EAAU,WAAA,cAAK,CAAC,QAAQ,EAAE,IAAI,6BAAY,EAAE,CAAC,CAAA;;;;yDAE1G;AAxFU,eAAe;IAD3B,mBAAU,CAAC,OAAO,CAAC;yDAIe,4BAAY,oBAAZ,4BAAY;GAHlC,eAAe,CA2F3B;AA3FY,0CAAe","sourcesContent":["import { Controller, Get, Post, Req, Param, Body, ForbiddenException, BadRequestException, Patch, Delete } from '@nestjs/common'\nimport { UsePipes } from '@nestjs/common'\nimport { ValidationPipe } from '../../common/pipes/validation.pipe'\nimport { ParseIntPipe } from '../../common/pipes/parse-int.pipe'\n\nimport { CreateUserDto } from './dto/create-user.dto'\nimport { UpdateUserDto } from './dto/update-user.dto'\nimport { AddRoleDto } from './dto/add-role.dto'\nimport { CreateShopDto } from '../shops/dto/create-shop.dto'\n\nimport { UsersService } from './users.service'\nimport { User } from '../../entities/User.entity'\nimport { Shop } from '../../entities/Shop.entity'\n\n@Controller('users')\nexport class UsersController {\n\n  constructor(\n    private readonly usersService: UsersService\n  ) {}\n\n  @Get()\n  async findAll(): Promise<User[]> {\n    return await this.usersService.findAll()\n  }\n\n  @Get('shops')\n  async findWithShops(): Promise<User[]> {\n    return await this.usersService.findWithShops()\n  }\n\n  @Get(':id')\n  async findOne(@Param('id', new ParseIntPipe()) id) {\n    // console.log(id)\n     return await this.usersService.findOne(id);\n  }\n\n  @Get(':id/shops')\n  async findOneWithShops(@Param('id', new ParseIntPipe()) id) {\n    // console.log(id)\n     return await this.usersService.findOneWithShops(id);\n  }\n\n  @Get(':id/admins')\n  async findOneAdminShop(@Param('id', new ParseIntPipe()) id) {\n    // console.log(id)\n     return await this.usersService.findOneAdminShop(id);\n  }\n\n  @Post(':id/shops')\n  @UsePipes(new ValidationPipe())\n  async addShopToUser( @Param('id', new ParseIntPipe()) id, @Body() shop: CreateShopDto ) {\n    // throw new ForbiddenException()\n    try {\n      return await this.usersService.addShopToUser( id, shop )\n    }\n    catch( error ) {\n      throw new BadRequestException(error)\n    }\n  }\n\n  @Post()\n  @UsePipes(new ValidationPipe())\n  async create( @Body() user: CreateUserDto ) {\n    // throw new ForbiddenException()\n    try {\n      return await this.usersService.create( user )\n    }\n    catch( error ) {\n      throw new BadRequestException(error)\n    }\n  }\n\n  @Patch(':id')\n  @UsePipes(new ValidationPipe())\n  async update( @Param('id', new ParseIntPipe()) id, @Body() user: UpdateUserDto ) {\n    try {\n      return await this.usersService.update( id, user )\n    }\n    catch( error ) {\n      throw new BadRequestException(error)\n    }\n  }\n\n  @Patch(':id/roles')\n  @UsePipes(new ValidationPipe())\n  async addRole( @Param('id', new ParseIntPipe()) id, @Body() role: AddRoleDto ) {\n    try {\n      return await this.usersService.addRole( id, role )\n    }\n    catch( error ) {\n      throw new BadRequestException(error)\n    }\n  }\n\n  @Delete(':id')\n  async delete( @Param('id', new ParseIntPipe()) id) {\n    await this.usersService.delete(id)\n  }\n\n  @Delete(':userId/shops/:shopId')\n  async removeShopFromUser( @Param('userId', new ParseIntPipe()) userId, @Param('shopId', new ParseIntPipe()) shopId) {\n    return await this.usersService.removeShopFromUser(userId, shopId)\n  }\n\n\n}\n"]},"_coverageSchema":"332fd63041d2c1bcb487cc26dd0d5f7d97098a6c","hash":"d95ab1d2630f27d025904aba17a590d011a79018"}
,"/Users/ebadia/Developer/node/favolist/backend/src/controllers/users/users.service.ts": {"path":"/Users/ebadia/Developer/node/favolist/backend/src/controllers/users/users.service.ts","statementMap":{"0":{"start":{"line":2,"column":17},"end":{"line":7,"column":1}},"1":{"start":{"line":3,"column":12},"end":{"line":3,"column":28}},"2":{"start":{"line":3,"column":34},"end":{"line":3,"column":125}},"3":{"start":{"line":4,"column":4},"end":{"line":5,"column":150}},"4":{"start":{"line":4,"column":79},"end":{"line":4,"column":131}},"5":{"start":{"line":5,"column":9},"end":{"line":5,"column":150}},"6":{"start":{"line":5,"column":58},"end":{"line":5,"column":150}},"7":{"start":{"line":5,"column":81},"end":{"line":5,"column":150}},"8":{"start":{"line":6,"column":4},"end":{"line":6,"column":66}},"9":{"start":{"line":8,"column":17},"end":{"line":10,"column":1}},"10":{"start":{"line":9,"column":4},"end":{"line":9,"column":109}},"11":{"start":{"line":9,"column":79},"end":{"line":9,"column":109}},"12":{"start":{"line":11,"column":14},"end":{"line":13,"column":1}},"13":{"start":{"line":12,"column":4},"end":{"line":12,"column":73}},"14":{"start":{"line":12,"column":36},"end":{"line":12,"column":71}},"15":{"start":{"line":14,"column":16},"end":{"line":21,"column":1}},"16":{"start":{"line":15,"column":4},"end":{"line":20,"column":7}},"17":{"start":{"line":16,"column":36},"end":{"line":16,"column":97}},"18":{"start":{"line":16,"column":42},"end":{"line":16,"column":70}},"19":{"start":{"line":16,"column":85},"end":{"line":16,"column":95}},"20":{"start":{"line":17,"column":35},"end":{"line":17,"column":100}},"21":{"start":{"line":17,"column":41},"end":{"line":17,"column":73}},"22":{"start":{"line":17,"column":88},"end":{"line":17,"column":98}},"23":{"start":{"line":18,"column":32},"end":{"line":18,"column":149}},"24":{"start":{"line":18,"column":97},"end":{"line":18,"column":119}},"25":{"start":{"line":19,"column":8},"end":{"line":19,"column":78}},"26":{"start":{"line":22,"column":0},"end":{"line":22,"column":62}},"27":{"start":{"line":23,"column":17},"end":{"line":23,"column":42}},"28":{"start":{"line":24,"column":18},"end":{"line":24,"column":44}},"29":{"start":{"line":25,"column":18},"end":{"line":25,"column":36}},"30":{"start":{"line":26,"column":22},"end":{"line":26,"column":59}},"31":{"start":{"line":27,"column":22},"end":{"line":27,"column":59}},"32":{"start":{"line":28,"column":19},"end":{"line":114,"column":1}},"33":{"start":{"line":30,"column":8},"end":{"line":30,"column":35}},"34":{"start":{"line":33,"column":8},"end":{"line":35,"column":11}},"35":{"start":{"line":34,"column":12},"end":{"line":34,"column":47}},"36":{"start":{"line":38,"column":8},"end":{"line":40,"column":11}},"37":{"start":{"line":39,"column":12},"end":{"line":39,"column":83}},"38":{"start":{"line":43,"column":8},"end":{"line":45,"column":11}},"39":{"start":{"line":44,"column":12},"end":{"line":44,"column":51}},"40":{"start":{"line":48,"column":8},"end":{"line":55,"column":11}},"41":{"start":{"line":49,"column":12},"end":{"line":53,"column":27}},"42":{"start":{"line":54,"column":12},"end":{"line":54,"column":56}},"43":{"start":{"line":58,"column":8},"end":{"line":64,"column":11}},"44":{"start":{"line":59,"column":12},"end":{"line":62,"column":30}},"45":{"start":{"line":63,"column":12},"end":{"line":63,"column":56}},"46":{"start":{"line":67,"column":8},"end":{"line":73,"column":11}},"47":{"start":{"line":68,"column":25},"end":{"line":68,"column":87}},"48":{"start":{"line":69,"column":24},"end":{"line":69,"column":69}},"49":{"start":{"line":70,"column":12},"end":{"line":70,"column":35}},"50":{"start":{"line":71,"column":12},"end":{"line":71,"column":44}},"51":{"start":{"line":72,"column":12},"end":{"line":72,"column":82}},"52":{"start":{"line":76,"column":8},"end":{"line":84,"column":11}},"53":{"start":{"line":77,"column":25},"end":{"line":77,"column":91}},"54":{"start":{"line":78,"column":26},"end":{"line":80,"column":14}},"55":{"start":{"line":79,"column":16},"end":{"line":79,"column":43}},"56":{"start":{"line":81,"column":12},"end":{"line":81,"column":31}},"57":{"start":{"line":82,"column":12},"end":{"line":82,"column":44}},"58":{"start":{"line":83,"column":12},"end":{"line":83,"column":86}},"59":{"start":{"line":87,"column":8},"end":{"line":92,"column":11}},"60":{"start":{"line":88,"column":12},"end":{"line":91,"column":27}},"61":{"start":{"line":95,"column":8},"end":{"line":97,"column":11}},"62":{"start":{"line":96,"column":12},"end":{"line":96,"column":71}},"63":{"start":{"line":100,"column":8},"end":{"line":102,"column":11}},"64":{"start":{"line":101,"column":12},"end":{"line":101,"column":82}},"65":{"start":{"line":105,"column":8},"end":{"line":107,"column":11}},"66":{"start":{"line":106,"column":12},"end":{"line":106,"column":81}},"67":{"start":{"line":110,"column":8},"end":{"line":112,"column":11}},"68":{"start":{"line":111,"column":12},"end":{"line":111,"column":51}},"69":{"start":{"line":115,"column":0},"end":{"line":119,"column":17}},"70":{"start":{"line":120,"column":0},"end":{"line":120,"column":36}}},"fnMap":{"0":{"name":"(anonymous_0)","decl":{"start":{"line":2,"column":46},"end":{"line":2,"column":47}},"loc":{"start":{"line":2,"column":87},"end":{"line":7,"column":1}},"line":2},"1":{"name":"(anonymous_1)","decl":{"start":{"line":8,"column":46},"end":{"line":8,"column":47}},"loc":{"start":{"line":8,"column":62},"end":{"line":10,"column":1}},"line":8},"2":{"name":"(anonymous_2)","decl":{"start":{"line":11,"column":40},"end":{"line":11,"column":41}},"loc":{"start":{"line":11,"column":73},"end":{"line":13,"column":1}},"line":11},"3":{"name":"(anonymous_3)","decl":{"start":{"line":12,"column":11},"end":{"line":12,"column":12}},"loc":{"start":{"line":12,"column":34},"end":{"line":12,"column":73}},"line":12},"4":{"name":"(anonymous_4)","decl":{"start":{"line":14,"column":44},"end":{"line":14,"column":45}},"loc":{"start":{"line":14,"column":89},"end":{"line":21,"column":1}},"line":14},"5":{"name":"(anonymous_5)","decl":{"start":{"line":15,"column":36},"end":{"line":15,"column":37}},"loc":{"start":{"line":15,"column":63},"end":{"line":20,"column":5}},"line":15},"6":{"name":"fulfilled","decl":{"start":{"line":16,"column":17},"end":{"line":16,"column":26}},"loc":{"start":{"line":16,"column":34},"end":{"line":16,"column":99}},"line":16},"7":{"name":"rejected","decl":{"start":{"line":17,"column":17},"end":{"line":17,"column":25}},"loc":{"start":{"line":17,"column":33},"end":{"line":17,"column":102}},"line":17},"8":{"name":"step","decl":{"start":{"line":18,"column":17},"end":{"line":18,"column":21}},"loc":{"start":{"line":18,"column":30},"end":{"line":18,"column":151}},"line":18},"9":{"name":"(anonymous_9)","decl":{"start":{"line":18,"column":76},"end":{"line":18,"column":77}},"loc":{"start":{"line":18,"column":95},"end":{"line":18,"column":121}},"line":18},"10":{"name":"(anonymous_10)","decl":{"start":{"line":29,"column":4},"end":{"line":29,"column":5}},"loc":{"start":{"line":29,"column":27},"end":{"line":31,"column":5}},"line":29},"11":{"name":"(anonymous_11)","decl":{"start":{"line":32,"column":4},"end":{"line":32,"column":5}},"loc":{"start":{"line":32,"column":14},"end":{"line":36,"column":5}},"line":32},"12":{"name":"(anonymous_12)","decl":{"start":{"line":33,"column":47},"end":{"line":33,"column":48}},"loc":{"start":{"line":33,"column":60},"end":{"line":35,"column":9}},"line":33},"13":{"name":"(anonymous_13)","decl":{"start":{"line":37,"column":4},"end":{"line":37,"column":5}},"loc":{"start":{"line":37,"column":16},"end":{"line":41,"column":5}},"line":37},"14":{"name":"(anonymous_14)","decl":{"start":{"line":38,"column":47},"end":{"line":38,"column":48}},"loc":{"start":{"line":38,"column":60},"end":{"line":40,"column":9}},"line":38},"15":{"name":"(anonymous_15)","decl":{"start":{"line":42,"column":4},"end":{"line":42,"column":5}},"loc":{"start":{"line":42,"column":17},"end":{"line":46,"column":5}},"line":42},"16":{"name":"(anonymous_16)","decl":{"start":{"line":43,"column":47},"end":{"line":43,"column":48}},"loc":{"start":{"line":43,"column":60},"end":{"line":45,"column":9}},"line":43},"17":{"name":"(anonymous_17)","decl":{"start":{"line":47,"column":4},"end":{"line":47,"column":5}},"loc":{"start":{"line":47,"column":21},"end":{"line":56,"column":5}},"line":47},"18":{"name":"(anonymous_18)","decl":{"start":{"line":48,"column":47},"end":{"line":48,"column":48}},"loc":{"start":{"line":48,"column":60},"end":{"line":55,"column":9}},"line":48},"19":{"name":"(anonymous_19)","decl":{"start":{"line":57,"column":4},"end":{"line":57,"column":5}},"loc":{"start":{"line":57,"column":22},"end":{"line":65,"column":5}},"line":57},"20":{"name":"(anonymous_20)","decl":{"start":{"line":58,"column":47},"end":{"line":58,"column":48}},"loc":{"start":{"line":58,"column":60},"end":{"line":64,"column":9}},"line":58},"21":{"name":"(anonymous_21)","decl":{"start":{"line":66,"column":4},"end":{"line":66,"column":5}},"loc":{"start":{"line":66,"column":28},"end":{"line":74,"column":5}},"line":66},"22":{"name":"(anonymous_22)","decl":{"start":{"line":67,"column":47},"end":{"line":67,"column":48}},"loc":{"start":{"line":67,"column":60},"end":{"line":73,"column":9}},"line":67},"23":{"name":"(anonymous_23)","decl":{"start":{"line":75,"column":4},"end":{"line":75,"column":5}},"loc":{"start":{"line":75,"column":39},"end":{"line":85,"column":5}},"line":75},"24":{"name":"(anonymous_24)","decl":{"start":{"line":76,"column":47},"end":{"line":76,"column":48}},"loc":{"start":{"line":76,"column":60},"end":{"line":84,"column":9}},"line":76},"25":{"name":"(anonymous_25)","decl":{"start":{"line":78,"column":44},"end":{"line":78,"column":45}},"loc":{"start":{"line":78,"column":51},"end":{"line":80,"column":13}},"line":78},"26":{"name":"(anonymous_26)","decl":{"start":{"line":86,"column":4},"end":{"line":86,"column":5}},"loc":{"start":{"line":86,"column":15},"end":{"line":93,"column":5}},"line":86},"27":{"name":"(anonymous_27)","decl":{"start":{"line":87,"column":47},"end":{"line":87,"column":48}},"loc":{"start":{"line":87,"column":60},"end":{"line":92,"column":9}},"line":87},"28":{"name":"(anonymous_28)","decl":{"start":{"line":94,"column":4},"end":{"line":94,"column":5}},"loc":{"start":{"line":94,"column":20},"end":{"line":98,"column":5}},"line":94},"29":{"name":"(anonymous_29)","decl":{"start":{"line":95,"column":47},"end":{"line":95,"column":48}},"loc":{"start":{"line":95,"column":60},"end":{"line":97,"column":9}},"line":95},"30":{"name":"(anonymous_30)","decl":{"start":{"line":99,"column":4},"end":{"line":99,"column":5}},"loc":{"start":{"line":99,"column":25},"end":{"line":103,"column":5}},"line":99},"31":{"name":"(anonymous_31)","decl":{"start":{"line":100,"column":47},"end":{"line":100,"column":48}},"loc":{"start":{"line":100,"column":60},"end":{"line":102,"column":9}},"line":100},"32":{"name":"(anonymous_32)","decl":{"start":{"line":104,"column":4},"end":{"line":104,"column":5}},"loc":{"start":{"line":104,"column":25},"end":{"line":108,"column":5}},"line":104},"33":{"name":"(anonymous_33)","decl":{"start":{"line":105,"column":47},"end":{"line":105,"column":48}},"loc":{"start":{"line":105,"column":60},"end":{"line":107,"column":9}},"line":105},"34":{"name":"(anonymous_34)","decl":{"start":{"line":109,"column":4},"end":{"line":109,"column":5}},"loc":{"start":{"line":109,"column":20},"end":{"line":113,"column":5}},"line":109},"35":{"name":"(anonymous_35)","decl":{"start":{"line":110,"column":47},"end":{"line":110,"column":48}},"loc":{"start":{"line":110,"column":60},"end":{"line":112,"column":9}},"line":110}},"branchMap":{"0":{"loc":{"start":{"line":2,"column":17},"end":{"line":7,"column":1}},"type":"binary-expr","locations":[{"start":{"line":2,"column":18},"end":{"line":2,"column":22}},{"start":{"line":2,"column":26},"end":{"line":2,"column":41}},{"start":{"line":2,"column":46},"end":{"line":7,"column":1}}],"line":2},"1":{"loc":{"start":{"line":3,"column":34},"end":{"line":3,"column":125}},"type":"cond-expr","locations":[{"start":{"line":3,"column":42},"end":{"line":3,"column":48}},{"start":{"line":3,"column":51},"end":{"line":3,"column":125}}],"line":3},"2":{"loc":{"start":{"line":3,"column":51},"end":{"line":3,"column":125}},"type":"cond-expr","locations":[{"start":{"line":3,"column":67},"end":{"line":3,"column":118}},{"start":{"line":3,"column":121},"end":{"line":3,"column":125}}],"line":3},"3":{"loc":{"start":{"line":4,"column":4},"end":{"line":5,"column":150}},"type":"if","locations":[{"start":{"line":4,"column":4},"end":{"line":5,"column":150}},{"start":{"line":4,"column":4},"end":{"line":5,"column":150}}],"line":4},"4":{"loc":{"start":{"line":4,"column":8},"end":{"line":4,"column":77}},"type":"binary-expr","locations":[{"start":{"line":4,"column":8},"end":{"line":4,"column":35}},{"start":{"line":4,"column":39},"end":{"line":4,"column":77}}],"line":4},"5":{"loc":{"start":{"line":5,"column":58},"end":{"line":5,"column":150}},"type":"if","locations":[{"start":{"line":5,"column":58},"end":{"line":5,"column":150}},{"start":{"line":5,"column":58},"end":{"line":5,"column":150}}],"line":5},"6":{"loc":{"start":{"line":5,"column":85},"end":{"line":5,"column":149}},"type":"binary-expr","locations":[{"start":{"line":5,"column":86},"end":{"line":5,"column":143}},{"start":{"line":5,"column":148},"end":{"line":5,"column":149}}],"line":5},"7":{"loc":{"start":{"line":5,"column":86},"end":{"line":5,"column":143}},"type":"cond-expr","locations":[{"start":{"line":5,"column":94},"end":{"line":5,"column":98}},{"start":{"line":5,"column":101},"end":{"line":5,"column":143}}],"line":5},"8":{"loc":{"start":{"line":5,"column":101},"end":{"line":5,"column":143}},"type":"cond-expr","locations":[{"start":{"line":5,"column":109},"end":{"line":5,"column":126}},{"start":{"line":5,"column":129},"end":{"line":5,"column":143}}],"line":5},"9":{"loc":{"start":{"line":6,"column":11},"end":{"line":6,"column":62}},"type":"binary-expr","locations":[{"start":{"line":6,"column":11},"end":{"line":6,"column":16}},{"start":{"line":6,"column":20},"end":{"line":6,"column":21}},{"start":{"line":6,"column":25},"end":{"line":6,"column":62}}],"line":6},"10":{"loc":{"start":{"line":8,"column":17},"end":{"line":10,"column":1}},"type":"binary-expr","locations":[{"start":{"line":8,"column":18},"end":{"line":8,"column":22}},{"start":{"line":8,"column":26},"end":{"line":8,"column":41}},{"start":{"line":8,"column":46},"end":{"line":10,"column":1}}],"line":8},"11":{"loc":{"start":{"line":9,"column":4},"end":{"line":9,"column":109}},"type":"if","locations":[{"start":{"line":9,"column":4},"end":{"line":9,"column":109}},{"start":{"line":9,"column":4},"end":{"line":9,"column":109}}],"line":9},"12":{"loc":{"start":{"line":9,"column":8},"end":{"line":9,"column":77}},"type":"binary-expr","locations":[{"start":{"line":9,"column":8},"end":{"line":9,"column":35}},{"start":{"line":9,"column":39},"end":{"line":9,"column":77}}],"line":9},"13":{"loc":{"start":{"line":11,"column":14},"end":{"line":13,"column":1}},"type":"binary-expr","locations":[{"start":{"line":11,"column":15},"end":{"line":11,"column":19}},{"start":{"line":11,"column":23},"end":{"line":11,"column":35}},{"start":{"line":11,"column":40},"end":{"line":13,"column":1}}],"line":11},"14":{"loc":{"start":{"line":14,"column":16},"end":{"line":21,"column":1}},"type":"binary-expr","locations":[{"start":{"line":14,"column":17},"end":{"line":14,"column":21}},{"start":{"line":14,"column":25},"end":{"line":14,"column":39}},{"start":{"line":14,"column":44},"end":{"line":21,"column":1}}],"line":14},"15":{"loc":{"start":{"line":15,"column":16},"end":{"line":15,"column":34}},"type":"binary-expr","locations":[{"start":{"line":15,"column":16},"end":{"line":15,"column":17}},{"start":{"line":15,"column":22},"end":{"line":15,"column":33}}],"line":15},"16":{"loc":{"start":{"line":18,"column":32},"end":{"line":18,"column":148}},"type":"cond-expr","locations":[{"start":{"line":18,"column":46},"end":{"line":18,"column":67}},{"start":{"line":18,"column":70},"end":{"line":18,"column":148}}],"line":18},"17":{"loc":{"start":{"line":19,"column":51},"end":{"line":19,"column":67}},"type":"binary-expr","locations":[{"start":{"line":19,"column":51},"end":{"line":19,"column":61}},{"start":{"line":19,"column":65},"end":{"line":19,"column":67}}],"line":19},"18":{"loc":{"start":{"line":118,"column":37},"end":{"line":118,"column":149}},"type":"binary-expr","locations":[{"start":{"line":118,"column":37},"end":{"line":118,"column":133}},{"start":{"line":118,"column":137},"end":{"line":118,"column":139}},{"start":{"line":118,"column":143},"end":{"line":118,"column":149}}],"line":118},"19":{"loc":{"start":{"line":118,"column":50},"end":{"line":118,"column":117}},"type":"binary-expr","locations":[{"start":{"line":118,"column":50},"end":{"line":118,"column":93}},{"start":{"line":118,"column":97},"end":{"line":118,"column":117}}],"line":118}},"s":{"0":1,"1":1,"2":1,"3":1,"4":1,"5":0,"6":0,"7":0,"8":1,"9":1,"10":1,"11":1,"12":1,"13":1,"14":1,"15":1,"16":0,"17":0,"18":0,"19":0,"20":0,"21":0,"22":0,"23":0,"24":0,"25":0,"26":1,"27":1,"28":1,"29":1,"30":1,"31":1,"32":1,"33":3,"34":0,"35":0,"36":0,"37":0,"38":0,"39":0,"40":0,"41":0,"42":0,"43":0,"44":0,"45":0,"46":0,"47":0,"48":0,"49":0,"50":0,"51":0,"52":0,"53":0,"54":0,"55":0,"56":0,"57":0,"58":0,"59":0,"60":0,"61":0,"62":0,"63":0,"64":0,"65":0,"66":0,"67":0,"68":0,"69":1,"70":1},"f":{"0":1,"1":1,"2":1,"3":1,"4":0,"5":0,"6":0,"7":0,"8":0,"9":0,"10":3,"11":0,"12":0,"13":0,"14":0,"15":0,"16":0,"17":0,"18":0,"19":0,"20":0,"21":0,"22":0,"23":0,"24":0,"25":0,"26":0,"27":0,"28":0,"29":0,"30":0,"31":0,"32":0,"33":0,"34":0,"35":0},"b":{"0":[1,1,1],"1":[1,0],"2":[0,0],"3":[1,0],"4":[1,1],"5":[0,0],"6":[0,0],"7":[0,0],"8":[0,0],"9":[1,0,0],"10":[1,1,1],"11":[1,0],"12":[1,1],"13":[1,1,1],"14":[1,1,1],"15":[0,0],"16":[0,0],"17":[0,0],"18":[1,1,0],"19":[1,1]},"inputSourceMap":{"version":3,"file":"users.service.js","sourceRoot":"","sources":["users.service.ts"],"names":[],"mappings":";;;;;;;;;;;;;;;;;;;;;;AAAA,2CAA2C;AAC3C,6CAAmD;AACnD,qCAAqC;AAIrC,4DAAiD;AACjD,4DAAiD;AAQjD,IAAa,YAAY,GAAzB;IAEE,YAEmB,SAA2B;QAA3B,cAAS,GAAT,SAAS,CAAkB;IAC3C,CAAC;IAEE,OAAO;;YAMX,MAAM,CAAC,MAAM,IAAI,CAAC,SAAS,CAAC,IAAI,EAAE,CAAA;QAGpC,CAAC;KAAA;IAEK,OAAO,CAAC,EAAU;;YAQtB,MAAM,CAAC,MAAM,IAAI,CAAC,SAAS,CAAC,WAAW,CAAC,EAAE,EAAE,EAAE,SAAS,EAAE,CAAC,QAAQ,CAAC,EAAC,CAAC,CAAA;QACvE,CAAC;KAAA;IAEK,MAAM,CAAE,IAAmB;;YAC/B,MAAM,CAAC,MAAM,IAAI,CAAC,SAAS,CAAC,IAAI,CAAE,IAAI,CAAE,CAAA;QAC1C,CAAC;KAAA;IAEK,MAAM,CAAE,EAAU,EAAE,IAAoB;;YAE5C,MAAM,IAAI,CAAC,SAAS,CAAC,kBAAkB,EAAE;iBACtC,MAAM,CAAC,kBAAI,CAAC;iBACZ,GAAG,CAAE,IAAI,CAAE;iBACX,KAAK,CAAC,QAAQ,EAAE,EAAC,EAAE,EAAC,CAAC;iBACrB,OAAO,EAAE,CAAA;YAEZ,MAAM,CAAC,MAAM,IAAI,CAAC,SAAS,CAAC,WAAW,CAAC,EAAE,CAAC,CAAA;QAC7C,CAAC;KAAA;IAEK,OAAO,CAAE,EAAU,EAAE,IAAgB;;YAEzC,MAAM,IAAI,CAAC,SAAS,CAAC,kBAAkB,EAAE;iBACtC,QAAQ,CAAE,kBAAI,EAAE,OAAO,CAAC;iBACxB,EAAE,CAAC,EAAE,CAAC;iBACN,GAAG,CAAC,IAAI,CAAC,EAAE,CAAC,CAAA;YAEf,MAAM,CAAC,MAAM,IAAI,CAAC,SAAS,CAAC,WAAW,CAAC,EAAE,CAAC,CAAA;QAC7C,CAAC;KAAA;IAEK,aAAa,CAAE,EAAU,EAAE,IAAmB;;YAElD,MAAM,IAAI,GAAG,MAAM,IAAI,CAAC,SAAS,CAAC,WAAW,CAAE,EAAE,EAAE,EAAE,SAAS,EAAE,CAAC,OAAO,CAAC,EAAE,CAAE,CAAA;YAC7E,IAAI,KAAK,GAAG,MAAM,CAAC,MAAM,CAAE,IAAI,kBAAI,EAAE,EAAE,IAAI,CAAE,CAAA;YAC7C,IAAI,CAAC,KAAK,CAAC,IAAI,CAAC,KAAK,CAAC,CAAA;YACtB,MAAM,IAAI,CAAC,SAAS,CAAC,IAAI,CAAC,IAAI,CAAC,CAAA;YAC/B,MAAM,CAAC,MAAM,IAAI,CAAC,SAAS,CAAC,WAAW,CAAE,EAAE,EAAE,EAAE,SAAS,EAAE,CAAC,OAAO,CAAC,EAAE,CAAE,CAAA;QAEzE,CAAC;KAAA;IAEK,kBAAkB,CAAE,MAAc,EAAE,MAAc;;YAEtD,MAAM,IAAI,GAAG,MAAM,IAAI,CAAC,SAAS,CAAC,WAAW,CAAE,MAAM,EAAE,EAAE,SAAS,EAAE,CAAC,OAAO,CAAC,EAAE,CAAE,CAAA;YACjF,MAAM,KAAK,GAAG,IAAI,CAAC,KAAK,CAAC,MAAM,CAAE,GAAG,CAAC,EAAE;gBACrC,MAAM,CAAC,CAAC,CAAC,GAAG,CAAC,EAAE,IAAI,MAAM,CAAC,CAAA;YAC5B,CAAC,CAAC,CAAA;YACF,IAAI,CAAC,KAAK,GAAG,KAAK,CAAA;YAClB,MAAM,IAAI,CAAC,SAAS,CAAC,IAAI,CAAC,IAAI,CAAC,CAAA;YAC/B,MAAM,CAAC,MAAM,IAAI,CAAC,SAAS,CAAC,WAAW,CAAE,MAAM,EAAE,EAAE,SAAS,EAAE,CAAC,OAAO,CAAC,EAAE,CAAE,CAAA;QAE7E,CAAC;KAAA;IAGK,MAAM,CAAE,EAAU;;YACtB,MAAM,IAAI,CAAC,SAAS,CAAC,kBAAkB,EAAE;iBACtC,MAAM,EAAE;iBACR,KAAK,CAAC,QAAQ,EAAE,EAAC,EAAE,EAAC,CAAC;iBACrB,OAAO,EAAE,CAAA;QACd,CAAC;KAAA;IAEK,aAAa;;YACjB,MAAM,CAAC,MAAM,IAAI,CAAC,SAAS,CAAC,IAAI,CAAE,EAAC,SAAS,EAAE,CAAC,OAAO,CAAC,EAAC,CAAE,CAAA;QAC5D,CAAC;KAAA;IAEK,gBAAgB,CAAC,EAAU;;YAC/B,MAAM,CAAC,MAAM,IAAI,CAAC,SAAS,CAAC,WAAW,CAAE,EAAE,EAAE,EAAC,SAAS,EAAE,CAAC,OAAO,CAAC,EAAC,CAAE,CAAA;QACvE,CAAC;KAAA;IAEK,gBAAgB,CAAC,EAAU;;YAC/B,MAAM,CAAC,MAAM,IAAI,CAAC,SAAS,CAAC,WAAW,CAAE,EAAE,EAAE,EAAC,SAAS,EAAE,CAAC,MAAM,CAAC,EAAC,CAAE,CAAA;QACtE,CAAC;KAAA;IAEK,SAAS,CAAC,IAAU;;YACxB,MAAM,CAAC,MAAM,IAAI,CAAC,SAAS,CAAC,IAAI,CAAE,IAAI,CAAE,CAAA;QAC1C,CAAC;KAAA;CAEF,CAAA;AApGY,YAAY;IADxB,kBAAS,EAAE;IAIP,WAAA,0BAAgB,CAAC,kBAAI,CAAC,CAAA;yDACK,oBAAU,oBAAV,oBAAU;GAJ7B,YAAY,CAoGxB;AApGY,oCAAY","sourcesContent":["import { Component } from '@nestjs/common';\nimport { InjectRepository } from '@nestjs/typeorm';\nimport { Repository } from 'typeorm';\n\n// import { Cat } from './interfaces/cat.interface';\nimport { UsersModule } from './users.module'\nimport { User } from '../../entities/User.entity'\nimport { Shop } from '../../entities/Shop.entity'\n\nimport { CreateUserDto } from './dto/create-user.dto'\nimport { UpdateUserDto } from './dto/update-user.dto'\nimport { AddRoleDto } from './dto/add-role.dto'\nimport { CreateShopDto } from '../shops/dto/create-shop.dto'\n\n@Component()\nexport class UsersService {\n\n  constructor(\n    @InjectRepository(User)\n    private readonly usersRepo: Repository<User>\n  ) {}\n\n  async findAll(): Promise<User[]> {\n\n    // return await this.usersRepo.createQueryBuilder('user')\n    //   .select(['user.id', 'user.first_name', 'user.last_name', 'user.email', 'user.username', 'user.mobile'])\n    //   .getMany()\n\n    return await this.usersRepo.find()\n\n\n  }\n\n  async findOne(id: number): Promise<User> {\n\n    // return await this.usersRepo.createQueryBuilder('user')\n    //   .select(['user.id', 'user.first_name', 'user.last_name', 'user.email', 'user.username', 'user.mobile'])\n    //   .where(\"user.id=:id\", {id})\n    //   .getOne()\n\n    // I can do this because I have added option { select: false } in @Column for password\n    return await this.usersRepo.findOneById(id, { relations: [\"orders\"]})\n  }\n\n  async create( user: CreateUserDto ): Promise<CreateUserDto> {\n    return await this.usersRepo.save( user )\n  }\n\n  async update( id: number, user?: UpdateUserDto ): Promise<User> {\n\n    await this.usersRepo.createQueryBuilder()\n      .update(User)\n      .set( user )\n      .where(\"id=:id\", {id})\n      .execute()\n\n    return await this.usersRepo.findOneById(id)\n  }\n\n  async addRole( id: number, role: AddRoleDto ): Promise<User> {\n\n    await this.usersRepo.createQueryBuilder()\n      .relation( User, 'roles')\n      .of(id)\n      .add(role.id)\n\n    return await this.usersRepo.findOneById(id)\n  }\n\n  async addShopToUser( id: number, shop: CreateShopDto): Promise<User> {\n\n    const user = await this.usersRepo.findOneById( id, { relations: [\"shops\"] } )\n    let aShop = Object.as
[...]
"line":5,"column":101},"end":{"line":5,"column":143}},"type":"cond-expr","locations":[{"start":{"line":5,"column":109},"end":{"line":5,"column":126}},{"start":{"line":5,"column":129},"end":{"line":5,"column":143}}],"line":5},"9":{"loc":{"start":{"line":6,"column":11},"end":{"line":6,"column":62}},"type":"binary-expr","locations":[{"start":{"line":6,"column":11},"end":{"line":6,"column":16}},{"start":{"line":6,"column":20},"end":{"line":6,"column":21}},{"start":{"line":6,"column":25},"end":{"line":6,"column":62}}],"line":6},"10":{"loc":{"start":{"line":8,"column":17},"end":{"line":10,"column":1}},"type":"binary-expr","locations":[{"start":{"line":8,"column":18},"end":{"line":8,"column":22}},{"start":{"line":8,"column":26},"end":{"line":8,"column":41}},{"start":{"line":8,"column":46},"end":{"line":10,"column":1}}],"line":8},"11":{"loc":{"start":{"line":9,"column":4},"end":{"line":9,"column":109}},"type":"if","locations":[{"start":{"line":9,"column":4},"end":{"line":9,"column":109}},{"start":{"line":9,"column":4},"end":{"line":9,"column":109}}],"line":9},"12":{"loc":{"start":{"line":9,"column":8},"end":{"line":9,"column":77}},"type":"binary-expr","locations":[{"start":{"line":9,"column":8},"end":{"line":9,"column":35}},{"start":{"line":9,"column":39},"end":{"line":9,"column":77}}],"line":9}},"s":{"0":1,"1":18,"2":18,"3":18,"4":18,"5":0,"6":0,"7":0,"8":18,"9":1,"10":17,"11":17,"12":1,"13":1,"14":1,"15":1,"16":1,"17":1,"18":1,"19":1,"20":1,"21":1,"22":1,"23":1,"24":1,"25":1,"26":1,"27":1,"28":1,"29":1,"30":1,"31":1,"32":1,"33":0,"34":0,"35":1,"36":0,"37":0,"38":1,"39":0,"40":0,"41":1,"42":0,"43":0,"44":1,"45":1},"f":{"0":18,"1":17,"2":0,"3":0,"4":0,"5":0,"6":0,"7":0,"8":0,"9":0},"b":{"0":[1,1,1],"1":[1,17],"2":[0,17],"3":[18,0],"4":[18,18],"5":[0,0],"6":[0,0],"7":[0,0],"8":[0,0],"9":[18,17,0],"10":[1,1,1],"11":[17,0],"12":[17,17]},"inputSourceMap":{"version":3,"file":"Shop.entity.js","sourceRoot":"","sources":["Shop.entity.ts"],"names":[],"mappings":";;;;;;;;;;;AAAA,qCAAgK;AAChK,qDAAoI;AAEpI,+CAAoC;AACpC,iDAAsC;AACtC,qDAA0C;AAG1C,IAAa,IAAI,GAAjB;CA6FC,CAAA;AA1FG;IADC,gCAAsB,EAAE;;gCACf;AAEV;IADC,0BAAgB,EAAE;;uCACJ;AAEf;IADC,0BAAgB,EAAE;;uCACJ;AAOf;IALC,gBAAM,CAAC,mBAAmB,EAAC;QACxB,QAAQ,EAAC,KAAK;QACd,MAAM,EAAE,IAAI;QACZ,MAAM,EAAC,GAAG;KACT,CAAC;;kCACM;AAMZ;IAJC,gBAAM,CAAC,mBAAmB,EAAC;QACxB,QAAQ,EAAC,IAAI;QACb,MAAM,EAAC,EAAE;KACR,CAAC;;iCACK;AAMX;IAJC,gBAAM,CAAC,mBAAmB,EAAC;QACxB,QAAQ,EAAC,IAAI;QACb,MAAM,EAAC,GAAG;KACT,CAAC;;qCACS;AAMf;IAJC,gBAAM,CAAC,mBAAmB,EAAC;QACxB,QAAQ,EAAC,IAAI;QACb,MAAM,EAAC,CAAC;KACP,CAAC;;gCACI;AAMV;IAJC,gBAAM,CAAC,mBAAmB,EAAC;QACxB,QAAQ,EAAC,IAAI;QACb,MAAM,EAAC,GAAG;KACT,CAAC;;kCACM;AAMZ;IAJC,gBAAM,CAAC,mBAAmB,EAAC;QACxB,QAAQ,EAAC,IAAI;QACb,MAAM,EAAC,GAAG;KACT,CAAC;;mCACO;AAMb;IAJC,gBAAM,CAAC,mBAAmB,EAAC;QACxB,QAAQ,EAAC,IAAI;QACb,MAAM,EAAC,EAAE;KACR,CAAC;;mCACO;AAOb;IALC,gBAAM,CAAC,mBAAmB,EAAC;QACxB,QAAQ,EAAC,IAAI;QACb,MAAM,EAAC,GAAG;KACT,CAAC;IACL,yBAAO,EAAE;;mCACG;AAMb;IAJC,gBAAM,CAAC,mBAAmB,EAAC;QACxB,QAAQ,EAAC,IAAI;QACb,MAAM,EAAC,GAAG;KACT,CAAC;;iCACK;AAMX;IAJC,gBAAM,CAAC,mBAAmB,EAAC;QACxB,QAAQ,EAAC,IAAI;QACb,MAAM,EAAC,GAAG;KACT,CAAC;;gCACI;AAKV;IADC,mBAAS,CAAC,IAAI,CAAA,EAAE,CAAA,oBAAK,EAAE,MAAM,CAAA,EAAE,CAAA,MAAM,CAAC,IAAI,CAAC;;oCAC7B;AAMf;IAJC,mBAAS,CAAC,IAAI,CAAA,EAAE,CAAA,kBAAI,EAAE,IAAI,CAAA,EAAE,CAAA,IAAI,CAAC,IAAI,EAAE;QACtC,aAAa,EAAE,IAAI;QACnB,aAAa,EAAE,IAAI;KACpB,CAAE;;oCACW;AAGd;IADC,mBAAS,CAAC,IAAI,CAAA,EAAE,CAAA,wBAAO,EAAE,QAAQ,CAAA,EAAE,CAAA,QAAQ,CAAC,IAAI,CAAC;;sCAC/B;AAOnB;IALC,oBAAU,CAAE,IAAI,CAAC,EAAE,CAAC,kBAAI,EAAE,KAAK,CAAC,EAAE,CAAC,KAAK,CAAC,KAAK,EAAE;QAC/C,aAAa,EAAE,IAAI;QACnB,aAAa,EAAE,IAAI;KACpB,CAAE;IACF,mBAAS,EAAE;;mCACE;AA1FL,IAAI;IADhB,gBAAM,EAAE;GACI,IAAI,CA6FhB;AA7FY,oBAAI","sourcesContent":["import {Entity, PrimaryGeneratedColumn, Column, JoinTable, ManyToOne, ManyToMany, OneToMany, CreateDateColumn, UpdateDateColumn, VersionColumn } from \"typeorm\";\nimport {Contains, IsInt, Length, IsEmail, IsUrl, IsFQDN, IsDate, Min, Max, MinLength, MaxLength, IsOptional} from \"class-validator\";\n\nimport { User } from './User.entity'\nimport { Order } from './Order.entity'\nimport { Product } from './Product.entity'\n\n@Entity()\nexport class Shop {\n\n    @PrimaryGeneratedColumn()\n    id:number;\n    @CreateDateColumn()\n    createdAt: Date\n    @UpdateDateColumn()\n    updatedAt: Date\n\n    @Column(\"character varying\",{\n        nullable:false,\n        unique: true,\n        length:255,\n        })\n    name:string;\n\n    @Column(\"character varying\",{\n        nullable:true,\n        length:10,\n        })\n    nif:string;\n\n    @Column(\"character varying\",{\n        nullable:true,\n        length:255,\n        })\n    address:string;\n\n    @Column(\"character varying\",{\n        nullable:true,\n        length:5,\n        })\n    cp:string;\n\n    @Column(\"character varying\",{\n        nullable:true,\n        length:255,\n        })\n    city:string;\n\n    @Column(\"character varying\",{\n        nullable:true,\n        length:255,\n        })\n    state:string;\n\n    @Column(\"character varying\",{\n        nullable:true,\n        length:12,\n        })\n    phone:string;\n\n    @Column(\"character varying\",{\n        nullable:true,\n        length:255,\n        })\n    @IsEmail()\n    email:string;\n\n    @Column(\"character varying\",{\n        nullable:true,\n        length:255,\n        })\n    web:string;\n\n    @Column(\"character varying\",{\n        nullable:true,\n        length:255,\n        })\n    fb:string;\n\n    // Relations\n\n    @OneToMany(type=>Order, orders=>orders.shop)\n    orders:Order[];\n\n    @OneToMany(type=>User, user=>user.shop, {\n      cascadeInsert: true,\n      cascadeUpdate: true,\n    } )\n    admins:User[];\n\n    @OneToMany(type=>Product, products=>products.shop)\n    products:Product[];\n\n    @ManyToMany( type => User, users => users.shops, {\n      cascadeInsert: true,\n      cascadeUpdate: true,\n    } )\n    @JoinTable()\n    users: User[];\n\n\n}\n"]},"_coverageSchema":"332fd63041d2c1bcb487cc26dd0d5f7d97098a6c","hash":"e55c822078083cc5bc98e40df4798c96bcabdd80"}
,"/Users/ebadia/Developer/node/favolist/backend/src/entities/User.entity.ts": {"path":"/Users/ebadia/Developer/node/favolist/backend/src/entities/User.entity.ts","statementMap":{"0":{"start":{"line":2,"column":17},"end":{"line":7,"column":1}},"1":{"start":{"line":3,"column":12},"end":{"line":3,"column":28}},"2":{"start":{"line":3,"column":34},"end":{"line":3,"column":125}},"3":{"start":{"line":4,"column":4},"end":{"line":5,"column":150}},"4":{"start":{"line":4,"column":79},"end":{"line":4,"column":131}},"5":{"start":{"line":5,"column":9},"end":{"line":5,"column":150}},"6":{"start":{"line":5,"column":58},"end":{"line":5,"column":150}},"7":{"start":{"line":5,"column":81},"end":{"line":5,"column":150}},"8":{"start":{"line":6,"column":4},"end":{"line":6,"column":66}},"9":{"start":{"line":8,"column":17},"end":{"line":10,"column":1}},"10":{"start":{"line":9,"column":4},"end":{"line":9,"column":109}},"11":{"start":{"line":9,"column":79},"end":{"line":9,"column":109}},"12":{"start":{"line":11,"column":0},"end":{"line":11,"column":62}},"13":{"start":{"line":12,"column":18},"end":{"line":12,"column":36}},"14":{"start":{"line":13,"column":26},"end":{"line":13,"column":52}},"15":{"start":{"line":14,"column":22},"end":{"line":14,"column":46}},"16":{"start":{"line":15,"column":25},"end":{"line":15,"column":52}},"17":{"start":{"line":16,"column":23},"end":{"line":16,"column":48}},"18":{"start":{"line":17,"column":22},"end":{"line":17,"column":46}},"19":{"start":{"line":18,"column":11},"end":{"line":19,"column":1}},"20":{"start":{"line":20,"column":0},"end":{"line":23,"column":33}},"21":{"start":{"line":24,"column":0},"end":{"line":27,"column":40}},"22":{"start":{"line":28,"column":0},"end":{"line":31,"column":40}},"23":{"start":{"line":32,"column":0},"end":{"line":38,"column":41}},"24":{"start":{"line":39,"column":0},"end":{"line":45,"column":40}},"25":{"start":{"line":46,"column":0},"end":{"line":53,"column":36}},"26":{"start":{"line":54,"column":0},"end":{"line":61,"column":37}},"27":{"start":{"line":62,"column":0},"end":{"line":68,"column":36}},"28":{"start":{"line":69,"column":0},"end":{"line":76,"column":39}},"29":{"start":{"line":77,"column":0},"end":{"line":86,"column":39}},"30":{"start":{"line":87,"column":0},"end":{"line":90,"column":36}},"31":{"start":{"line":88,"column":33},"end":{"line":88,"column":51}},"32":{"start":{"line":88,"column":62},"end":{"line":88,"column":73}},"33":{"start":{"line":91,"column":0},"end":{"line":94,"column":36}},"34":{"start":{"line":92,"column":33},"end":{"line":92,"column":51}},"35":{"start":{"line":92,"column":62},"end":{"line":92,"column":73}},"36":{"start":{"line":95,"column":0},"end":{"line":99,"column":39}},"37":{"start":{"line":96,"column":33},"end":{"line":96,"column":57}},"38":{"start":{"line":96,"column":71},"end":{"line":96,"column":85}},"39":{"start":{"line":100,"column":0},"end":{"line":103,"column":37}},"40":{"start":{"line":101,"column":32},"end":{"line":101,"column":52}},"41":{"start":{"line":101,"column":64},"end":{"line":101,"column":75}},"42":{"start":{"line":104,"column":0},"end":{"line":107,"column":35}},"43":{"start":{"line":105,"column":32},"end":{"line":105,"column":50}},"44":{"start":{"line":105,"column":60},"end":{"line":105,"column":71}},"45":{"start":{"line":108,"column":0},"end":{"line":110,"column":9}},"46":{"start":{"line":111,"column":0},"end":{"line":111,"column":20}}},"fnMap":{"0":{"name":"(anonymous_0)","decl":{"start":{"line":2,"column":46},"end":{"line":2,"column":47}},"loc":{"start":{"line":2,"column":87},"end":{"line":7,"column":1}},"line":2},"1":{"name":"(anonymous_1)","decl":{"start":{"line":8,"column":46},"end":{"line":8,"column":47}},"loc":{"start":{"line":8,"column":62},"end":{"line":10,"column":1}},"line":8},"2":{"name":"(anonymous_2)","decl":{"start":{"line":88,"column":25},"end":{"line":88,"column":26}},"loc":{"start":{"line":88,"column":33},"end":{"line":88,"column":51}},"line":88},"3":{"name":"(anonymous_3)","decl":{"start":{"line":88,"column":53},"end":{"line":88,"column":54}},"loc":{"start":{"line":88,"column":62},"end":{"line":88,"column":73}},"line":88},"4":{"name":"(anonymous_4)","decl":{"start":{"line":92,"column":25},"end":{"line":92,"column":26}},"loc":{"start":{"line":92,"column":33},"end":{"line":92,"column":51}},"line":92},"5":{"name":"(anonymous_5)","decl":{"start":{"line":92,"column":53},"end":{"line":92,"column":54}},"loc":{"start":{"line":92,"column":62},"end":{"line":92,"column":73}},"line":92},"6":{"name":"(anonymous_6)","decl":{"start":{"line":96,"column":25},"end":{"line":96,"column":26}},"loc":{"start":{"line":96,"column":33},"end":{"line":96,"column":57}},"line":96},"7":{"name":"(anonymous_7)","decl":{"start":{"line":96,"column":59},"end":{"line":96,"column":60}},"loc":{"start":{"line":96,"column":71},"end":{"line":96,"column":85}},"line":96},"8":{"name":"(anonymous_8)","decl":{"start":{"line":101,"column":24},"end":{"line":101,"column":25}},"loc":{"start":{"line":101,"column":32},"end":{"line":101,"column":52}},"line":101},"9":{"name":"(anonymous_9)","decl":{"start":{"line":101,"column":54},"end":{"line":101,"column":55}},"loc":{"start":{"line":101,"column":64},"end":{"line":101,"column":75}},"line":101},"10":{"name":"(anonymous_10)","decl":{"start":{"line":105,"column":24},"end":{"line":105,"column":25}},"loc":{"start":{"line":105,"column":32},"end":{"line":105,"column":50}},"line":105},"11":{"name":"(anonymous_11)","decl":{"start":{"line":105,"column":52},"end":{"line":105,"column":53}},"loc":{"start":{"line":105,"column":60},"end":{"line":105,"column":71}},"line":105}},"branchMap":{"0":{"loc":{"start":{"line":2,"column":17},"end":{"line":7,"column":1}},"type":"binary-expr","locations":[{"start":{"line":2,"column":18},"end":{"line":2,"column":22}},{"start":{"line":2,"column":26},"end":{"line":2,"column":41}},{"start":{"line":2,"column":46},"end":{"line":7,"column":1}}],"line":2},"1":{"loc":{"start":{"line":3,"column":34},"end":{"line":3,"column":125}},"type":"cond-expr","locations":[{"start":{"line":3,"column":42},"end":{"line":3,"column":48}},{"start":{"line":3,"column":51},"end":{"line":3,"column":125}}],"line":3},"2":{"loc":{"start":{"line":3,"column":51},"end":{"line":3,"column":125}},"type":"cond-expr","locations":[{"start":{"line":3,"column":67},"end":{"line":3,"column":118}},{"start":{"line":3,"column":121},"end":{"line":3,"column":125}}],"line":3},"3":{"loc":{"start":{"line":4,"column":4},"end":{"line":5,"column":150}},"type":"if","locations":[{"start":{"line":4,"column":4},"end":{"line":5,"column":150}},{"start":{"line":4,"column":4},"end":{"line":5,"column":150}}],"line":4},"4":{"loc":{"start":{"line":4,"column":8},"end":{"line":4,"column":77}},"type":"binary-expr","locations":[{"start":{"line":4,"column":8},"end":{"line":4,"column":35}},{"start":{"line":4,"column":39},"end":{"line":4,"column":77}}],"line":4},"5":{"loc":{"start":{"line":5,"column":58},"end":{"line":5,"column":150}},"type":"if","locations":[{"start":{"line":5,"column":58},"end":{"line":5,"column":150}},{"start":{"line":5,"column":58},"end":{"line":5,"column":150}}],"line":5},"6":{"loc":{"start":{"line":5,"column":85},"end":{"line":5,"column":149}},"type":"binary-expr","locations":[{"start":{"line":5,"column":86},"end":{"line":5,"column":143}},{"start":{"line":5,"column":148},"end":{"line":5,"column":149}}],"line":5},"7":{"loc":{"start":{"line":5,"column":86},"end":{"line":5,"column":143}},"type":"cond-expr","locations":[{"start":{"line":5,"column":94},"end":{"line":5,"column":98}},{"start":{"line":5,"column":101},"end":{"line":5,"column":143}}],"line":5},"8":{"loc":{"start":{"line":5,"column":101},"end":{"line":5,"column":143}},"type":"cond-expr","locations":[{"start":{"line":5,"column":109},"end":{"line":5,"column":126}},{"start":{"line":5,"column":129},"end":{"line":5,"column":143}}],"line":5},"9":{"loc":{"start":{"line":6,"column":11},"end":{"line":6,"column":62}},"type":"binary-expr","locations":[{"start":{"line":6,"column":11},"end":{"line":6,"column":16}},{"start":{"line":6,"column":20},"end":{"line":6,"column":21}},{"start":{"line":6,"column":25},"end":{"line":6,"column":62}}],"line":6},"10":{"loc":{"start":{"line":8,"column":17},"end":{"line":10,"column":1}},"type":"binary-expr","locations":[{"start":{"line":8,"column":18},"end":{"line":8,"column":22}},{"start":{"line":8,"column":26},"end":{"line":8,"column":41}},{"start":{"line":8,"column":46},"end":{"line":10,"column":1}}],"line":8},"11":{"loc":{"start":{"line":9,"column":4},"end":{"line":9,"column":109}},"type":"if","locations":[{"start":{"line":9,"column":4},"end":{"line":9,"column":109}},{"start":{"line":9,"column":4},"end":{"line":9,"column":109}}],"line":9},"12":{"loc":{"start":{"line":9,"column":8},"end":{"line":9,"column":77}},"type":"binary-expr","locations":[{"start":{"line":9,"column":8},"end":{"line":9,"column":35}},{"start":{"line":9,"column":39},"end":{"line":9,"column":77}}],"line":9},"13":{"loc":{"start":{"line":106,"column":30},"end":{"line":106,"column":138}},"type":"binary-expr","locations":[{"start":{"line":106,"column":30},"end":{"line":106,"column":122}},{"start":{"line":106,"column":126},"end":{"line":106,"column":128}},{"start":{"line":106,"column":132},"end":{"line":106,"column":138}}],"line":106},"14":{"loc":{"start":{"line":106,"column":43},"end":{"line":106,"column":106}},"type":"binary-expr","locations":[{"start":{"line":106,"column":43},"end":{"line":106,"column":84}},{"start":{"line":106,"column":88},"end":{"line":106,"column":106}}],"line":106}},"s":{"0":1,"1":16,"2":16,"3":16,"4":16,"5":0,"6":0,"7":0,"8":16,"9":1,"10":15,"11":15,"12":1,"13":1,"14":1,"15":1,"16":1,"17":1,"18":1,"19":1,"20":1,"21":1,"22":1,"23":1,"24":1,"25":1,"26":1,"27":1,"28":1,"29":1,"30":1,"31":0,"32":0,"33":1,"34":0,"35":0,"36":1,"37":0,"38":0,"39":1,"40":0,"41":0,"42":1,"43":0,"44":0,"45":1,"46":1},"f":{"0":16,"1":15,"2":0,"3":0,"4":0,"5":0,"6":0,"7":0,"8":0,"9":0,"10":0,"11":0},"b":{"0":[1,1,1],"1":[1,15],"2":[0,15],"3":[16,0],"4":[16,16],"5":[0,0],"6":[0,0],"7":[0,0],"8":[0,0],"9":[16,15,0],"10":[1,1,1],"11":[15,0],"12":[15,15],"13":[1,1,0],"14":[1,1]},"inputSourceMap":{"version":3,"file":"User.entity.js","sourceRoot":"","sources":["User.entity.ts"],"names":[],"mappings":";;;;;;;;;;;AAAA,qCAAgK;AAChK,qDAAiH;AAEjH,+CAAoC;AACpC,qDAA0C;AAC1C,iDAAsC;AACtC,+CAAoC;AAGpC,IAAa,IAAI,GAAjB;CA2EC,CAAA;AAxEG;IADC,gCAAsB,EAAE;;gCACf;AAEV;IADC,0BAAgB,EAAE;;uCACJ;AAEf;IADC,0BAAgB,EAAE;;uCACJ;AAMf;IAJC,gBAAM,CAAC,mBAAmB,EAAC;QACxB,QAAQ,EAAC,IAAI;QACb,MAAM,EAAC,GAAG;KACT,CAAC;;wCACY;AAMlB;IAJC,gBAAM,CAAC,mBAAmB,EAAC;QACxB,QAAQ,EAAC,IAAI;QACb,MAAM,EAAC,GAAG;KACT,CAAC;;uCACW;AAOjB;IALC,gBAAM,CAAC,mBAAmB,EAAC;QACxB,QAAQ,EAAC,IAAI;QACb,MAAM,EAAE,IAAI;QACZ,MAAM,EAAC,GAAG;KACT,CAAC;;mCACO;AAOb;IALC,gBAAM,CAAC,mBAAmB,EAAC;QACxB,QAAQ,EAAC,IAAI;QACb,MAAM,EAAE,IAAI;QACZ,MAAM,EAAC,EAAE;KACR,CAAC;;oCACQ;AAMd;IAJC,gBAAM,CAAC,mBAAmB,EAAC;QACxB,QAAQ,EAAC,IAAI;QACb,MAAM,EAAC,EAAE;KACR,CAAC;;mCACO;AAOb;IALC,gBAAM,CAAC,mBAAmB,EAAC;QACxB,QAAQ,EAAC,KAAK;QACd,MAAM,EAAE,KAAK;QACb,MAAM,EAAC,GAAG;KACT,CAAC;;sCACU;AAShB;IAPD,gBAAM,CAAC,mBAAmB,EAAC;QACtB,QAAQ,EAAC,KAAK;QACd,MAAM,EAAC,GAAG;QACV,MAAM,EAAE,KAAK;KACZ,CAAC;IACL,2BAAS,CAAC,CAAC,CAAC;IACZ,2BAAS,CAAC,GAAG,CAAC;;sCACC;AAKhB;IADC,oBAAU,CAAE,IAAI,CAAC,EAAE,CAAC,kBAAI,EAAE,KAAK,CAAC,EAAE,CAAC,KAAK,CAAC,KAAK,CAAE;;mCACnC;AAGd;IADC,oBAAU,CAAE,IAAI,CAAC,EAAE,CAAC,kBAAI,EAAE,KAAK,CAAC,EAAE,CAAC,KAAK,CAAC,KAAK,CAAE;;mCACnC;AAId;IAFC,oBAAU,CAAC,IAAI,CAAA,EAAE,CAAA,wBAAO,EAAE,QAAQ,CAAA,EAAE,CAAA,QAAQ,CAAC,KAAK,CAAC;IACnD,mBAAS,EAAE;;sCACO;AAGnB;IADC,mBAAS,CAAC,IAAI,CAAA,EAAE,CAAA,oBAAK,EAAE,MAAM,CAAA,EAAE,CAAA,MAAM,CAAC,IAAI,CAAC;;oCAC7B;AAGf;IADC,mBAAS,CAAE,IAAI,CAAA,EAAE,CAAA,kBAAI,EAAE,IAAI,CAAA,EAAE,CAAA,IAAI,CAAC,MAAM,CAAC;kDACpC,kBAAI,oBAAJ,kBAAI;kCAAA;AAzED,IAAI;IADhB,gBAAM,EAAE;GACI,IAAI,CA2EhB;AA3EY,oBAAI","sourcesContent":["import {Entity, PrimaryGeneratedColumn, Column, JoinTable, ManyToOne, ManyToMany, OneToMany, CreateDateColumn, UpdateDateColumn, VersionColumn } from \"typeorm\";\nimport {Contains, IsInt, Length, IsEmail, IsFQDN, IsDate, Min, Max, MinLength, MaxLength} from \"class-validator\";\n\nimport { Shop } from './Shop.entity'\nimport { Product } from './Product.entity'\nimport { Order } from './Order.entity'\nimport { Role } from './Role.entity'\n\n@Entity()\nexport class User {\n\n    @PrimaryGeneratedColumn()\n    id:number;\n    @CreateDateColumn()\n    createdAt: Date\n    @UpdateDateColumn()\n    updatedAt: Date\n\n    @Column(\"character varying\",{\n        nullable:true,\n        length:255,\n        })\n    first_name:string;\n\n    @Column(\"character varying\",{\n        nullable:true,\n        length:255,\n        })\n    last_name:string;\n\n    @Column(\"character varying\",{\n        nullable:true,\n        unique: true,\n        length:255,\n        })\n    email:string;\n\n    @Column(\"character varying\",{\n        nullable:true,\n        unique: true,\n        length:12,\n        })\n    mobile:string;\n\n    @Column(\"character varying\",{\n        nullable:true,\n        length:12,\n        })\n    phone:string;\n\n    @Column(\"character varying\",{\n        nullable:false,\n        unique: false,\n        length:255,\n        })\n    username:string;\n\n  @Column(\"character varying\",{\n        nullable:false,\n        length:100,\n        select: false\n        })\n    @MinLength(5)\n    @MaxLength(100)\n    password:string;\n\n    // Relations\n\n    @ManyToMany( type => Shop, shops => shops.users )\n    shops: Shop[];\n\n    @ManyToMany( type => Role, roles => roles.users )\n    roles: Role[];\n\n    @ManyToMany(type=>Product, products=>products.users)\n    @JoinTable()\n    products: Product[]\n\n    @OneToMany(type=>Order, orders=>orders.user)\n    orders: Order[]\n\n    @ManyToOne( type=>Shop, shop=>shop.admins)\n    shop: Shop\n\n}\n"]},"_coverageSchema":"332fd63041d2c1bcb487cc26dd0d5f7d97098a6c","hash":"518f45b8cc9743ce7aa0de6924bffcf235e1effe"}
}
