TN:
SF:/Users/ebadia/Developer/node/favolist/backend/src/common/interfaces/enums.ts
FN:4,(anonymous_0)
FN:12,(anonymous_1)
FNF:2
FNH:2
FNDA:1,(anonymous_0)
FNDA:1,(anonymous_1)
DA:2,1
DA:4,1
DA:5,1
DA:6,1
DA:7,1
DA:8,1
DA:9,1
DA:12,1
DA:13,1
DA:14,1
DA:15,1
LF:11
LH:11
BRDA:10,0,0,1
BRDA:10,0,1,1
BRDA:16,1,0,1
BRDA:16,1,1,1
BRF:4
BRH:4
end_of_record
TN:
SF:/Users/ebadia/Developer/node/favolist/backend/src/common/pipes/parse-int.pipe.ts
FN:2,(anonymous_0)
FN:8,(anonymous_1)
FN:9,(anonymous_2)
FN:10,fulfilled
FN:11,rejected
FN:12,step
FN:12,(anonymous_6)
FN:19,(anonymous_7)
FN:20,(anonymous_8)
FNF:9
FNH:1
FNDA:1,(anonymous_0)
FNDA:0,(anonymous_1)
FNDA:0,(anonymous_2)
FNDA:0,fulfilled
FNDA:0,rejected
FNDA:0,step
FNDA:0,(anonymous_6)
FNDA:0,(anonymous_7)
FNDA:0,(anonymous_8)
DA:2,1
DA:3,1
DA:4,1
DA:5,0
DA:6,1
DA:8,1
DA:9,0
DA:10,0
DA:11,0
DA:12,0
DA:13,0
DA:16,1
DA:17,1
DA:18,1
DA:20,0
DA:21,0
DA:22,0
DA:23,0
DA:25,0
DA:29,1
DA:32,1
LF:21
LH:10
BRDA:2,0,0,1
BRDA:2,0,1,1
BRDA:2,0,2,1
BRDA:3,1,0,1
BRDA:3,1,1,0
BRDA:3,2,0,0
BRDA:3,2,1,0
BRDA:4,3,0,1
BRDA:4,3,1,0
BRDA:4,4,0,1
BRDA:4,4,1,1
BRDA:5,5,0,0
BRDA:5,5,1,0
BRDA:5,6,0,0
BRDA:5,6,1,0
BRDA:5,7,0,0
BRDA:5,7,1,0
BRDA:5,8,0,0
BRDA:5,8,1,0
BRDA:6,9,0,1
BRDA:6,9,1,0
BRDA:6,9,2,0
BRDA:8,10,0,1
BRDA:8,10,1,1
BRDA:8,10,2,1
BRDA:9,11,0,0
BRDA:9,11,1,0
BRDA:12,12,0,0
BRDA:12,12,1,0
BRDA:13,13,0,0
BRDA:13,13,1,0
BRDA:22,14,0,0
BRDA:22,14,1,0
BRF:33
BRH:11
end_of_record
TN:
SF:/Users/ebadia/Developer/node/favolist/backend/src/common/pipes/validation.pipe.ts
FN:2,(anonymous_0)
FN:8,(anonymous_1)
FN:9,(anonymous_2)
FN:10,fulfilled
FN:11,rejected
FN:12,step
FN:12,(anonymous_6)
FN:21,(anonymous_7)
FN:22,(anonymous_8)
FN:36,(anonymous_9)
FN:38,(anonymous_10)
FNF:11
FNH:1
FNDA:1,(anonymous_0)
FNDA:0,(anonymous_1)
FNDA:0,(anonymous_2)
FNDA:0,fulfilled
FNDA:0,rejected
FNDA:0,step
FNDA:0,(anonymous_6)
FNDA:0,(anonymous_7)
FNDA:0,(anonymous_8)
FNDA:0,(anonymous_9)
FNDA:0,(anonymous_10)
DA:2,1
DA:3,1
DA:4,1
DA:5,0
DA:6,1
DA:8,1
DA:9,0
DA:10,0
DA:11,0
DA:12,0
DA:13,0
DA:16,1
DA:17,1
DA:18,1
DA:19,1
DA:20,1
DA:22,0
DA:23,0
DA:24,0
DA:25,0
DA:26,0
DA:28,0
DA:29,0
DA:30,0
DA:31,0
DA:33,0
DA:37,0
DA:38,0
DA:41,1
DA:44,1
LF:30
LH:12
BRDA:2,0,0,1
BRDA:2,0,1,1
BRDA:2,0,2,1
BRDA:3,1,0,1
BRDA:3,1,1,0
BRDA:3,2,0,0
BRDA:3,2,1,0
BRDA:4,3,0,1
BRDA:4,3,1,0
BRDA:4,4,0,1
BRDA:4,4,1,1
BRDA:5,5,0,0
BRDA:5,5,1,0
BRDA:5,6,0,0
BRDA:5,6,1,0
BRDA:5,7,0,0
BRDA:5,7,1,0
BRDA:5,8,0,0
BRDA:5,8,1,0
BRDA:6,9,0,1
BRDA:6,9,1,0
BRDA:6,9,2,0
BRDA:8,10,0,1
BRDA:8,10,1,1
BRDA:8,10,2,1
BRDA:9,11,0,0
BRDA:9,11,1,0
BRDA:12,12,0,0
BRDA:12,12,1,0
BRDA:13,13,0,0
BRDA:13,13,1,0
BRDA:25,14,0,0
BRDA:25,14,1,0
BRDA:25,15,0,0
BRDA:25,15,1,0
BRDA:30,16,0,0
BRDA:30,16,1,0
BRF:37
BRH:11
end_of_record
TN:
SF:/Users/ebadia/Developer/node/favolist/backend/src/controllers/shops/dto/create-shop.dto.ts
FN:2,(anonymous_0)
FN:8,(anonymous_1)
FNF:2
FNH:2
FNDA:3,(anonymous_0)
FNDA:3,(anonymous_1)
DA:2,1
DA:3,3
DA:4,3
DA:5,0
DA:6,3
DA:8,1
DA:9,3
DA:11,1
DA:12,1
DA:15,1
DA:19,1
DA:23,1
DA:27,1
LF:13
LH:12
BRDA:2,0,0,1
BRDA:2,0,1,1
BRDA:2,0,2,1
BRDA:3,1,0,0
BRDA:3,1,1,3
BRDA:3,2,0,0
BRDA:3,2,1,3
BRDA:4,3,0,3
BRDA:4,3,1,0
BRDA:4,4,0,3
BRDA:4,4,1,3
BRDA:5,5,0,0
BRDA:5,5,1,0
BRDA:5,6,0,0
BRDA:5,6,1,0
BRDA:5,7,0,0
BRDA:5,7,1,0
BRDA:5,8,0,0
BRDA:5,8,1,0
BRDA:6,9,0,3
BRDA:6,9,1,3
BRDA:6,9,2,0
BRDA:8,10,0,1
BRDA:8,10,1,1
BRDA:8,10,2,1
BRDA:9,11,0,3
BRDA:9,11,1,0
BRDA:9,12,0,3
BRDA:9,12,1,3
BRF:29
BRH:16
end_of_record
TN:
SF:/Users/ebadia/Developer/node/favolist/backend/src/controllers/users/users.controller.ts
FN:2,(anonymous_0)
FN:8,(anonymous_1)
FN:11,(anonymous_2)
FN:12,(anonymous_3)
FN:14,(anonymous_4)
FN:15,(anonymous_5)
FN:16,fulfilled
FN:17,rejected
FN:18,step
FN:18,(anonymous_9)
FN:33,(anonymous_10)
FN:36,(anonymous_11)
FN:37,(anonymous_12)
FN:41,(anonymous_13)
FN:42,(anonymous_14)
FN:46,(anonymous_15)
FN:47,(anonymous_16)
FN:51,(anonymous_17)
FN:52,(anonymous_18)
FN:56,(anonymous_19)
FN:57,(anonymous_20)
FN:61,(anonymous_21)
FN:62,(anonymous_22)
FN:71,(anonymous_23)
FN:72,(anonymous_24)
FN:81,(anonymous_25)
FN:82,(anonymous_26)
FN:91,(anonymous_27)
FN:92,(anonymous_28)
FN:101,(anonymous_29)
FN:102,(anonymous_30)
FN:106,(anonymous_31)
FN:107,(anonymous_32)
FNF:33
FNH:12
FNDA:12,(anonymous_0)
FNDA:34,(anonymous_1)
FNDA:13,(anonymous_2)
FNDA:13,(anonymous_3)
FNDA:1,(anonymous_4)
FNDA:1,(anonymous_5)
FNDA:1,fulfilled
FNDA:0,rejected
FNDA:2,step
FNDA:1,(anonymous_9)
FNDA:3,(anonymous_10)
FNDA:1,(anonymous_11)
FNDA:1,(anonymous_12)
FNDA:0,(anonymous_13)
FNDA:0,(anonymous_14)
FNDA:0,(anonymous_15)
FNDA:0,(anonymous_16)
FNDA:0,(anonymous_17)
FNDA:0,(anonymous_18)
FNDA:0,(anonymous_19)
FNDA:0,(anonymous_20)
FNDA:0,(anonymous_21)
FNDA:0,(anonymous_22)
FNDA:0,(anonymous_23)
FNDA:0,(anonymous_24)
FNDA:0,(anonymous_25)
FNDA:0,(anonymous_26)
FNDA:0,(anonymous_27)
FNDA:0,(anonymous_28)
FNDA:0,(anonymous_29)
FNDA:0,(anonymous_30)
FNDA:0,(anonymous_31)
FNDA:0,(anonymous_32)
DA:2,1
DA:3,12
DA:4,12
DA:5,0
DA:6,12
DA:8,1
DA:9,34
DA:11,1
DA:12,13
DA:14,1
DA:15,1
DA:16,1
DA:17,0
DA:18,2
DA:19,1
DA:22,1
DA:23,1
DA:24,1
DA:25,1
DA:26,1
DA:27,1
DA:28,1
DA:29,1
DA:30,1
DA:31,1
DA:32,1
DA:34,3
DA:37,1
DA:38,1
DA:42,0
DA:43,0
DA:47,0
DA:48,0
DA:52,0
DA:53,0
DA:57,0
DA:58,0
DA:62,0
DA:63,0
DA:64,0
DA:67,0
DA:72,0
DA:73,0
DA:74,0
DA:77,0
DA:82,0
DA:83,0
DA:84,0
DA:87,0
DA:92,0
DA:93,0
DA:94,0
DA:97,0
DA:102,0
DA:103,0
DA:107,0
DA:108,0
DA:112,1
DA:118,1
DA:124,1
DA:131,1
DA:138,1
DA:145,1
DA:153,1
DA:161,1
DA:169,1
DA:177,1
DA:184,1
DA:191,1
DA:195,1
LF:70
LH:40
BRDA:2,0,0,1
BRDA:2,0,1,1
BRDA:2,0,2,1
BRDA:3,1,0,1
BRDA:3,1,1,11
BRDA:3,2,0,11
BRDA:3,2,1,0
BRDA:4,3,0,12
BRDA:4,3,1,0
BRDA:4,4,0,12
BRDA:4,4,1,12
BRDA:5,5,0,0
BRDA:5,5,1,0
BRDA:5,6,0,0
BRDA:5,6,1,0
BRDA:5,7,0,0
BRDA:5,7,1,0
BRDA:5,8,0,0
BRDA:5,8,1,0
BRDA:6,9,0,12
BRDA:6,9,1,11
BRDA:6,9,2,11
BRDA:8,10,0,1
BRDA:8,10,1,1
BRDA:8,10,2,1
BRDA:9,11,0,34
BRDA:9,11,1,0
BRDA:9,12,0,34
BRDA:9,12,1,34
BRDA:11,13,0,1
BRDA:11,13,1,1
BRDA:11,13,2,1
BRDA:14,14,0,1
BRDA:14,14,1,1
BRDA:14,14,2,1
BRDA:15,15,0,1
BRDA:15,15,1,1
BRDA:18,16,0,1
BRDA:18,16,1,1
BRDA:19,17,0,1
BRDA:19,17,1,1
BRDA:150,18,0,1
BRDA:150,18,1,1
BRDA:150,18,2,0
BRDA:150,19,0,1
BRDA:150,19,1,1
BRDA:158,20,0,1
BRDA:158,20,1,1
BRDA:158,20,2,0
BRDA:158,21,0,1
BRDA:158,21,1,1
BRDA:166,22,0,1
BRDA:166,22,1,1
BRDA:166,22,2,0
BRDA:166,23,0,1
BRDA:166,23,1,1
BRDA:174,24,0,1
BRDA:174,24,1,1
BRDA:174,24,2,0
BRDA:174,25,0,1
BRDA:174,25,1,1
BRDA:193,26,0,1
BRDA:193,26,1,1
BRDA:193,26,2,0
BRDA:193,27,0,1
BRDA:193,27,1,1
BRF:66
BRH:50
end_of_record
TN:
SF:/Users/ebadia/Developer/node/favolist/backend/src/controllers/users/users.service.ts
FN:2,(anonymous_0)
FN:8,(anonymous_1)
FN:11,(anonymous_2)
FN:12,(anonymous_3)
FN:14,(anonymous_4)
FN:15,(anonymous_5)
FN:16,fulfilled
FN:17,rejected
FN:18,step
FN:18,(anonymous_9)
FN:29,(anonymous_10)
FN:32,(anonymous_11)
FN:33,(anonymous_12)
FN:37,(anonymous_13)
FN:38,(anonymous_14)
FN:42,(anonymous_15)
FN:43,(anonymous_16)
FN:47,(anonymous_17)
FN:48,(anonymous_18)
FN:57,(anonymous_19)
FN:58,(anonymous_20)
FN:66,(anonymous_21)
FN:67,(anonymous_22)
FN:75,(anonymous_23)
FN:76,(anonymous_24)
FN:78,(anonymous_25)
FN:86,(anonymous_26)
FN:87,(anonymous_27)
FN:94,(anonymous_28)
FN:95,(anonymous_29)
FN:99,(anonymous_30)
FN:100,(anonymous_31)
FN:104,(anonymous_32)
FN:105,(anonymous_33)
FN:109,(anonymous_34)
FN:110,(anonymous_35)
FNF:36
FNH:5
FNDA:1,(anonymous_0)
FNDA:1,(anonymous_1)
FNDA:1,(anonymous_2)
FNDA:1,(anonymous_3)
FNDA:0,(anonymous_4)
FNDA:0,(anonymous_5)
FNDA:0,fulfilled
FNDA:0,rejected
FNDA:0,step
FNDA:0,(anonymous_9)
FNDA:3,(anonymous_10)
FNDA:0,(anonymous_11)
FNDA:0,(anonymous_12)
FNDA:0,(anonymous_13)
FNDA:0,(anonymous_14)
FNDA:0,(anonymous_15)
FNDA:0,(anonymous_16)
FNDA:0,(anonymous_17)
FNDA:0,(anonymous_18)
FNDA:0,(anonymous_19)
FNDA:0,(anonymous_20)
FNDA:0,(anonymous_21)
FNDA:0,(anonymous_22)
FNDA:0,(anonymous_23)
FNDA:0,(anonymous_24)
FNDA:0,(anonymous_25)
FNDA:0,(anonymous_26)
FNDA:0,(anonymous_27)
FNDA:0,(anonymous_28)
FNDA:0,(anonymous_29)
FNDA:0,(anonymous_30)
FNDA:0,(anonymous_31)
FNDA:0,(anonymous_32)
FNDA:0,(anonymous_33)
FNDA:0,(anonymous_34)
FNDA:0,(anonymous_35)
DA:2,1
DA:3,1
DA:4,1
DA:5,0
DA:6,1
DA:8,1
DA:9,1
DA:11,1
DA:12,1
DA:14,1
DA:15,0
DA:16,0
DA:17,0
DA:18,0
DA:19,0
DA:22,1
DA:23,1
DA:24,1
DA:25,1
DA:26,1
DA:27,1
DA:28,1
DA:30,3
DA:33,0
DA:34,0
DA:38,0
DA:39,0
DA:43,0
DA:44,0
DA:48,0
DA:49,0
DA:54,0
DA:58,0
DA:59,0
DA:63,0
DA:67,0
DA:68,0
DA:69,0
DA:70,0
DA:71,0
DA:72,0
DA:76,0
DA:77,0
DA:78,0
DA:79,0
DA:81,0
DA:82,0
DA:83,0
DA:87,0
DA:88,0
DA:95,0
DA:96,0
DA:100,0
DA:101,0
DA:105,0
DA:106,0
DA:110,0
DA:111,0
DA:115,1
DA:120,1
LF:60
LH:19
BRDA:2,0,0,1
BRDA:2,0,1,1
BRDA:2,0,2,1
BRDA:3,1,0,1
BRDA:3,1,1,0
BRDA:3,2,0,0
BRDA:3,2,1,0
BRDA:4,3,0,1
BRDA:4,3,1,0
BRDA:4,4,0,1
BRDA:4,4,1,1
BRDA:5,5,0,0
BRDA:5,5,1,0
BRDA:5,6,0,0
BRDA:5,6,1,0
BRDA:5,7,0,0
BRDA:5,7,1,0
BRDA:5,8,0,0
BRDA:5,8,1,0
BRDA:6,9,0,1
BRDA:6,9,1,0
BRDA:6,9,2,0
BRDA:8,10,0,1
BRDA:8,10,1,1
BRDA:8,10,2,1
BRDA:9,11,0,1
BRDA:9,11,1,0
BRDA:9,12,0,1
BRDA:9,12,1,1
BRDA:11,13,0,1
BRDA:11,13,1,1
BRDA:11,13,2,1
BRDA:14,14,0,1
BRDA:14,14,1,1
BRDA:14,14,2,1
BRDA:15,15,0,0
BRDA:15,15,1,0
BRDA:18,16,0,0
BRDA:18,16,1,0
BRDA:19,17,0,0
BRDA:19,17,1,0
BRDA:118,18,0,1
BRDA:118,18,1,1
BRDA:118,18,2,0
BRDA:118,19,0,1
BRDA:118,19,1,1
BRF:46
BRH:24
end_of_record
TN:
SF:/Users/ebadia/Developer/node/favolist/backend/src/controllers/users/dto/add-role.dto.ts
FN:2,(anonymous_0)
FN:8,(anonymous_1)
FNF:2
FNH:2
FNDA:2,(anonymous_0)
FNDA:2,(anonymous_1)
DA:2,1
DA:3,2
DA:4,2
DA:5,0
DA:6,2
DA:8,1
DA:9,2
DA:11,1
DA:12,1
DA:15,1
DA:19,1
DA:23,1
LF:12
LH:11
BRDA:2,0,0,1
BRDA:2,0,1,1
BRDA:2,0,2,1
BRDA:3,1,0,0
BRDA:3,1,1,2
BRDA:3,2,0,0
BRDA:3,2,1,2
BRDA:4,3,0,2
BRDA:4,3,1,0
BRDA:4,4,0,2
BRDA:4,4,1,2
BRDA:5,5,0,0
BRDA:5,5,1,0
BRDA:5,6,0,0
BRDA:5,6,1,0
BRDA:5,7,0,0
BRDA:5,7,1,0
BRDA:5,8,0,0
BRDA:5,8,1,0
BRDA:6,9,0,2
BRDA:6,9,1,2
BRDA:6,9,2,0
BRDA:8,10,0,1
BRDA:8,10,1,1
BRDA:8,10,2,1
BRDA:9,11,0,2
BRDA:9,11,1,0
BRDA:9,12,0,2
BRDA:9,12,1,2
BRF:29
BRH:16
end_of_record
TN:
SF:/Users/ebadia/Developer/node/favolist/backend/src/controllers/users/dto/create-user.dto.ts
FN:2,(anonymous_0)
FN:8,(anonymous_1)
FNF:2
FNH:2
FNDA:7,(anonymous_0)
FNDA:7,(anonymous_1)
DA:2,1
DA:3,7
DA:4,7
DA:5,0
DA:6,7
DA:8,1
DA:9,7
DA:11,1
DA:12,1
DA:15,1
DA:19,1
DA:23,1
DA:27,1
DA:31,1
DA:35,1
DA:39,1
DA:43,1
LF:17
LH:16
BRDA:2,0,0,1
BRDA:2,0,1,1
BRDA:2,0,2,1
BRDA:3,1,0,0
BRDA:3,1,1,7
BRDA:3,2,0,0
BRDA:3,2,1,7
BRDA:4,3,0,7
BRDA:4,3,1,0
BRDA:4,4,0,7
BRDA:4,4,1,7
BRDA:5,5,0,0
BRDA:5,5,1,0
BRDA:5,6,0,0
BRDA:5,6,1,0
BRDA:5,7,0,0
BRDA:5,7,1,0
BRDA:5,8,0,0
BRDA:5,8,1,0
BRDA:6,9,0,7
BRDA:6,9,1,7
BRDA:6,9,2,0
BRDA:8,10,0,1
BRDA:8,10,1,1
BRDA:8,10,2,1
BRDA:9,11,0,7
BRDA:9,11,1,0
BRDA:9,12,0,7
BRDA:9,12,1,7
BRF:29
BRH:16
end_of_record
TN:
SF:/Users/ebadia/Developer/node/favolist/backend/src/controllers/users/dto/update-user.dto.ts
FN:2,(anonymous_0)
FN:8,(anonymous_1)
FNF:2
FNH:2
FNDA:6,(anonymous_0)
FNDA:6,(anonymous_1)
DA:2,1
DA:3,6
DA:4,6
DA:5,0
DA:6,6
DA:8,1
DA:9,6
DA:11,1
DA:12,1
DA:15,1
DA:19,1
DA:23,1
DA:27,1
DA:31,1
DA:35,1
DA:39,1
LF:16
LH:15
BRDA:2,0,0,1
BRDA:2,0,1,1
BRDA:2,0,2,1
BRDA:3,1,0,0
BRDA:3,1,1,6
BRDA:3,2,0,0
BRDA:3,2,1,6
BRDA:4,3,0,6
BRDA:4,3,1,0
BRDA:4,4,0,6
BRDA:4,4,1,6
BRDA:5,5,0,0
BRDA:5,5,1,0
BRDA:5,6,0,0
BRDA:5,6,1,0
BRDA:5,7,0,0
BRDA:5,7,1,0
BRDA:5,8,0,0
BRDA:5,8,1,0
BRDA:6,9,0,6
BRDA:6,9,1,6
BRDA:6,9,2,0
BRDA:8,10,0,1
BRDA:8,10,1,1
BRDA:8,10,2,1
BRDA:9,11,0,6
BRDA:9,11,1,0
BRDA:9,12,0,6
BRDA:9,12,1,6
BRF:29
BRH:16
end_of_record
TN:
SF:/Users/ebadia/Developer/node/favolist/backend/src/entities/Available.entity.ts
FN:2,(anonymous_0)
FN:8,(anonymous_1)
FN:16,(anonymous_2)
FN:56,(anonymous_3)
FN:56,(anonymous_4)
FNF:5
FNH:2
FNDA:7,(anonymous_0)
FNDA:6,(anonymous_1)
FNDA:0,(anonymous_2)
FNDA:0,(anonymous_3)
FNDA:0,(anonymous_4)
DA:2,1
DA:3,7
DA:4,7
DA:5,0
DA:6,7
DA:8,1
DA:9,6
DA:11,1
DA:12,1
DA:13,1
DA:14,1
DA:15,1
DA:17,0
DA:31,1
DA:35,1
DA:39,1
DA:43,1
DA:49,1
DA:55,1
DA:56,0
DA:59,1
DA:62,1
LF:22
LH:19
BRDA:2,0,0,1
BRDA:2,0,1,1
BRDA:2,0,2,1
BRDA:3,1,0,1
BRDA:3,1,1,6
BRDA:3,2,0,0
BRDA:3,2,1,6
BRDA:4,3,0,7
BRDA:4,3,1,0
BRDA:4,4,0,7
BRDA:4,4,1,7
BRDA:5,5,0,0
BRDA:5,5,1,0
BRDA:5,6,0,0
BRDA:5,6,1,0
BRDA:5,7,0,0
BRDA:5,7,1,0
BRDA:5,8,0,0
BRDA:5,8,1,0
BRDA:6,9,0,7
BRDA:6,9,1,6
BRDA:6,9,2,0
BRDA:8,10,0,1
BRDA:8,10,1,1
BRDA:8,10,2,1
BRDA:9,11,0,6
BRDA:9,11,1,0
BRDA:9,12,0,6
BRDA:9,12,1,6
BRDA:57,13,0,1
BRDA:57,13,1,0
BRDA:57,13,2,1
BRDA:57,14,0,1
BRDA:57,14,1,0
BRF:34
BRH:20
end_of_record
TN:
SF:/Users/ebadia/Developer/node/favolist/backend/src/entities/Item.entity.ts
FN:2,(anonymous_0)
FN:8,(anonymous_1)
FN:43,(anonymous_2)
FN:43,(anonymous_3)
FN:48,(anonymous_4)
FN:48,(anonymous_5)
FNF:6
FNH:2
FNDA:8,(anonymous_0)
FNDA:7,(anonymous_1)
FNDA:0,(anonymous_2)
FNDA:0,(anonymous_3)
FNDA:0,(anonymous_4)
FNDA:0,(anonymous_5)
DA:2,1
DA:3,8
DA:4,8
DA:5,0
DA:6,8
DA:8,1
DA:9,7
DA:11,1
DA:12,1
DA:13,1
DA:14,1
DA:15,1
DA:16,1
DA:18,1
DA:22,1
DA:26,1
DA:30,1
DA:34,1
DA:42,1
DA:43,0
DA:47,1
DA:48,0
DA:51,1
DA:54,1
LF:24
LH:21
BRDA:2,0,0,1
BRDA:2,0,1,1
BRDA:2,0,2,1
BRDA:3,1,0,1
BRDA:3,1,1,7
BRDA:3,2,0,0
BRDA:3,2,1,7
BRDA:4,3,0,8
BRDA:4,3,1,0
BRDA:4,4,0,8
BRDA:4,4,1,8
BRDA:5,5,0,0
BRDA:5,5,1,0
BRDA:5,6,0,0
BRDA:5,6,1,0
BRDA:5,7,0,0
BRDA:5,7,1,0
BRDA:5,8,0,0
BRDA:5,8,1,0
BRDA:6,9,0,8
BRDA:6,9,1,7
BRDA:6,9,2,0
BRDA:8,10,0,1
BRDA:8,10,1,1
BRDA:8,10,2,1
BRDA:9,11,0,7
BRDA:9,11,1,0
BRDA:9,12,0,7
BRDA:9,12,1,7
BRDA:45,13,0,1
BRDA:45,13,1,1
BRDA:45,13,2,0
BRDA:45,14,0,1
BRDA:45,14,1,1
BRDA:49,15,0,1
BRDA:49,15,1,0
BRDA:49,15,2,1
BRDA:49,16,0,1
BRDA:49,16,1,0
BRF:39
BRH:24
end_of_record
TN:
SF:/Users/ebadia/Developer/node/favolist/backend/src/entities/Order.entity.ts
FN:2,(anonymous_0)
FN:8,(anonymous_1)
FN:18,(anonymous_2)
FN:66,(anonymous_3)
FN:66,(anonymous_4)
FN:73,(anonymous_5)
FN:73,(anonymous_6)
FN:77,(anonymous_7)
FN:77,(anonymous_8)
FNF:9
FNH:2
FNDA:10,(anonymous_0)
FNDA:9,(anonymous_1)
FNDA:0,(anonymous_2)
FNDA:0,(anonymous_3)
FNDA:0,(anonymous_4)
FNDA:0,(anonymous_5)
FNDA:0,(anonymous_6)
FNDA:0,(anonymous_7)
FNDA:0,(anonymous_8)
DA:2,1
DA:3,10
DA:4,10
DA:5,0
DA:6,10
DA:8,1
DA:9,9
DA:11,1
DA:12,1
DA:13,1
DA:14,1
DA:15,1
DA:16,1
DA:17,1
DA:19,0
DA:33,1
DA:37,1
DA:41,1
DA:45,1
DA:51,1
DA:57,1
DA:65,1
DA:66,0
DA:72,1
DA:73,0
DA:76,1
DA:77,0
DA:80,1
DA:83,1
LF:29
LH:24
BRDA:2,0,0,1
BRDA:2,0,1,1
BRDA:2,0,2,1
BRDA:3,1,0,1
BRDA:3,1,1,9
BRDA:3,2,0,0
BRDA:3,2,1,9
BRDA:4,3,0,10
BRDA:4,3,1,0
BRDA:4,4,0,10
BRDA:4,4,1,10
BRDA:5,5,0,0
BRDA:5,5,1,0
BRDA:5,6,0,0
BRDA:5,6,1,0
BRDA:5,7,0,0
BRDA:5,7,1,0
BRDA:5,8,0,0
BRDA:5,8,1,0
BRDA:6,9,0,10
BRDA:6,9,1,9
BRDA:6,9,2,0
BRDA:8,10,0,1
BRDA:8,10,1,1
BRDA:8,10,2,1
BRDA:9,11,0,9
BRDA:9,11,1,0
BRDA:9,12,0,9
BRDA:9,12,1,9
BRDA:74,13,0,1
BRDA:74,13,1,0
BRDA:74,13,2,1
BRDA:74,14,0,1
BRDA:74,14,1,0
BRDA:78,15,0,1
BRDA:78,15,1,0
BRDA:78,15,2,1
BRDA:78,16,0,1
BRDA:78,16,1,0
BRF:39
BRH:23
end_of_record
TN:
SF:/Users/ebadia/Developer/node/favolist/backend/src/entities/Product.entity.ts
FN:2,(anonymous_0)
FN:8,(anonymous_1)
FN:59,(anonymous_2)
FN:59,(anonymous_3)
FN:67,(anonymous_4)
FN:67,(anonymous_5)
FN:71,(anonymous_6)
FN:71,(anonymous_7)
FN:75,(anonymous_8)
FN:75,(anonymous_9)
FNF:10
FNH:2
FNDA:12,(anonymous_0)
FNDA:11,(anonymous_1)
FNDA:0,(anonymous_2)
FNDA:0,(anonymous_3)
FNDA:0,(anonymous_4)
FNDA:0,(anonymous_5)
FNDA:0,(anonymous_6)
FNDA:0,(anonymous_7)
FNDA:0,(anonymous_8)
FNDA:0,(anonymous_9)
DA:2,1
DA:3,12
DA:4,12
DA:5,0
DA:6,12
DA:8,1
DA:9,11
DA:11,1
DA:12,1
DA:13,1
DA:14,1
DA:15,1
DA:16,1
DA:17,1
DA:18,1
DA:20,1
DA:24,1
DA:28,1
DA:32,1
DA:39,1
DA:43,1
DA:49,1
DA:58,1
DA:59,0
DA:66,1
DA:67,0
DA:70,1
DA:71,0
DA:74,1
DA:75,0
DA:78,1
DA:81,1
LF:32
LH:27
BRDA:2,0,0,1
BRDA:2,0,1,1
BRDA:2,0,2,1
BRDA:3,1,0,1
BRDA:3,1,1,11
BRDA:3,2,0,0
BRDA:3,2,1,11
BRDA:4,3,0,12
BRDA:4,3,1,0
BRDA:4,4,0,12
BRDA:4,4,1,12
BRDA:5,5,0,0
BRDA:5,5,1,0
BRDA:5,6,0,0
BRDA:5,6,1,0
BRDA:5,7,0,0
BRDA:5,7,1,0
BRDA:5,8,0,0
BRDA:5,8,1,0
BRDA:6,9,0,12
BRDA:6,9,1,11
BRDA:6,9,2,0
BRDA:8,10,0,1
BRDA:8,10,1,1
BRDA:8,10,2,1
BRDA:9,11,0,11
BRDA:9,11,1,0
BRDA:9,12,0,11
BRDA:9,12,1,11
BRDA:64,13,0,1
BRDA:64,13,1,0
BRDA:64,13,2,1
BRDA:64,14,0,1
BRDA:64,14,1,0
BRF:34
BRH:20
end_of_record
TN:
SF:/Users/ebadia/Developer/node/favolist/backend/src/entities/Role.entity.ts
FN:2,(anonymous_0)
FN:8,(anonymous_1)
FN:37,(anonymous_2)
FN:37,(anonymous_3)
FNF:4
FNH:2
FNDA:6,(anonymous_0)
FNDA:5,(anonymous_1)
FNDA:0,(anonymous_2)
FNDA:0,(anonymous_3)
DA:2,1
DA:3,6
DA:4,6
DA:5,0
DA:6,6
DA:8,1
DA:9,5
DA:11,1
DA:12,1
DA:13,1
DA:14,1
DA:16,1
DA:20,1
DA:24,1
DA:28,1
DA:36,1
DA:37,0
DA:44,1
DA:47,1
LF:19
LH:17
BRDA:2,0,0,1
BRDA:2,0,1,1
BRDA:2,0,2,1
BRDA:3,1,0,1
BRDA:3,1,1,5
BRDA:3,2,0,0
BRDA:3,2,1,5
BRDA:4,3,0,6
BRDA:4,3,1,0
BRDA:4,4,0,6
BRDA:4,4,1,6
BRDA:5,5,0,0
BRDA:5,5,1,0
BRDA:5,6,0,0
BRDA:5,6,1,0
BRDA:5,7,0,0
BRDA:5,7,1,0
BRDA:5,8,0,0
BRDA:5,8,1,0
BRDA:6,9,0,6
BRDA:6,9,1,5
BRDA:6,9,2,0
BRDA:8,10,0,1
BRDA:8,10,1,1
BRDA:8,10,2,1
BRDA:9,11,0,5
BRDA:9,11,1,0
BRDA:9,12,0,5
BRDA:9,12,1,5
BRF:29
BRH:17
end_of_record
TN:
SF:/Users/ebadia/Developer/node/favolist/backend/src/entities/Shop.entity.ts
FN:2,(anonymous_0)
FN:8,(anonymous_1)
FN:104,(anonymous_2)
FN:104,(anonymous_3)
FN:108,(anonymous_4)
FN:108,(anonymous_5)
FN:115,(anonymous_6)
FN:115,(anonymous_7)
FN:119,(anonymous_8)
FN:119,(anonymous_9)
FNF:10
FNH:2
FNDA:18,(anonymous_0)
FNDA:17,(anonymous_1)
FNDA:0,(anonymous_2)
FNDA:0,(anonymous_3)
FNDA:0,(anonymous_4)
FNDA:0,(anonymous_5)
FNDA:0,(anonymous_6)
FNDA:0,(anonymous_7)
FNDA:0,(anonymous_8)
FNDA:0,(anonymous_9)
DA:2,1
DA:3,18
DA:4,18
DA:5,0
DA:6,18
DA:8,1
DA:9,17
DA:11,1
DA:12,1
DA:13,1
DA:14,1
DA:15,1
DA:16,1
DA:17,1
DA:19,1
DA:23,1
DA:27,1
DA:31,1
DA:39,1
DA:46,1
DA:53,1
DA:60,1
DA:67,1
DA:74,1
DA:81,1
DA:89,1
DA:96,1
DA:103,1
DA:104,0
DA:107,1
DA:108,0
DA:114,1
DA:115,0
DA:118,1
DA:119,0
DA:126,1
DA:129,1
LF:37
LH:32
BRDA:2,0,0,1
BRDA:2,0,1,1
BRDA:2,0,2,1
BRDA:3,1,0,1
BRDA:3,1,1,17
BRDA:3,2,0,0
BRDA:3,2,1,17
BRDA:4,3,0,18
BRDA:4,3,1,0
BRDA:4,4,0,18
BRDA:4,4,1,18
BRDA:5,5,0,0
BRDA:5,5,1,0
BRDA:5,6,0,0
BRDA:5,6,1,0
BRDA:5,7,0,0
BRDA:5,7,1,0
BRDA:5,8,0,0
BRDA:5,8,1,0
BRDA:6,9,0,18
BRDA:6,9,1,17
BRDA:6,9,2,0
BRDA:8,10,0,1
BRDA:8,10,1,1
BRDA:8,10,2,1
BRDA:9,11,0,17
BRDA:9,11,1,0
BRDA:9,12,0,17
BRDA:9,12,1,17
BRF:29
BRH:17
end_of_record
TN:
SF:/Users/ebadia/Developer/node/favolist/backend/src/entities/User.entity.ts
FN:2,(anonymous_0)
FN:8,(anonymous_1)
FN:88,(anonymous_2)
FN:88,(anonymous_3)
FN:92,(anonymous_4)
FN:92,(anonymous_5)
FN:96,(anonymous_6)
FN:96,(anonymous_7)
FN:101,(anonymous_8)
FN:101,(anonymous_9)
FN:105,(anonymous_10)
FN:105,(anonymous_11)
FNF:12
FNH:2
FNDA:16,(anonymous_0)
FNDA:15,(anonymous_1)
FNDA:0,(anonymous_2)
FNDA:0,(anonymous_3)
FNDA:0,(anonymous_4)
FNDA:0,(anonymous_5)
FNDA:0,(anonymous_6)
FNDA:0,(anonymous_7)
FNDA:0,(anonymous_8)
FNDA:0,(anonymous_9)
FNDA:0,(anonymous_10)
FNDA:0,(anonymous_11)
DA:2,1
DA:3,16
DA:4,16
DA:5,0
DA:6,16
DA:8,1
DA:9,15
DA:11,1
DA:12,1
DA:13,1
DA:14,1
DA:15,1
DA:16,1
DA:17,1
DA:18,1
DA:20,1
DA:24,1
DA:28,1
DA:32,1
DA:39,1
DA:46,1
DA:54,1
DA:62,1
DA:69,1
DA:77,1
DA:87,1
DA:88,0
DA:91,1
DA:92,0
DA:95,1
DA:96,0
DA:100,1
DA:101,0
DA:104,1
DA:105,0
DA:108,1
DA:111,1
LF:37
LH:31
BRDA:2,0,0,1
BRDA:2,0,1,1
BRDA:2,0,2,1
BRDA:3,1,0,1
BRDA:3,1,1,15
BRDA:3,2,0,0
BRDA:3,2,1,15
BRDA:4,3,0,16
BRDA:4,3,1,0
BRDA:4,4,0,16
BRDA:4,4,1,16
BRDA:5,5,0,0
BRDA:5,5,1,0
BRDA:5,6,0,0
BRDA:5,6,1,0
BRDA:5,7,0,0
BRDA:5,7,1,0
BRDA:5,8,0,0
BRDA:5,8,1,0
BRDA:6,9,0,16
BRDA:6,9,1,15
BRDA:6,9,2,0
BRDA:8,10,0,1
BRDA:8,10,1,1
BRDA:8,10,2,1
BRDA:9,11,0,15
BRDA:9,11,1,0
BRDA:9,12,0,15
BRDA:9,12,1,15
BRDA:106,13,0,1
BRDA:106,13,1,1
BRDA:106,13,2,0
BRDA:106,14,0,1
BRDA:106,14,1,1
BRF:34
BRH:21
end_of_record
